{"D:\\COSC 360 Assignments\\FInd-Anything\\backend\\src\\constants.js": {"path":"D:\\COSC 360 Assignments\\FInd-Anything\\backend\\src\\constants.js","statementMap":{"0":{"start":{"line":4,"column":19},"end":{"line":4,"column":49}},"1":{"start":{"line":5,"column":18},"end":{"line":5,"column":42}},"2":{"start":{"line":7,"column":20},"end":{"line":7,"column":24}},"3":{"start":{"line":8,"column":24},"end":{"line":8,"column":57}}},"fnMap":{},"branchMap":{},"s":{"0":1,"1":1,"2":1,"3":1},"f":{},"b":{},"inputSourceMap":null,"_coverageSchema":"1a1c01bbd47fc00a2c39e90264f33305004495a9","hash":"c0571d912aa8e0aa1e9a404fae585ad5df4d204a"}
,"D:\\COSC 360 Assignments\\FInd-Anything\\backend\\src\\db_connection.js": {"path":"D:\\COSC 360 Assignments\\FInd-Anything\\backend\\src\\db_connection.js","statementMap":{"0":{"start":{"line":3,"column":0},"end":{"line":3,"column":16}},"1":{"start":{"line":10,"column":2},"end":{"line":24,"column":5}},"2":{"start":{"line":11,"column":6},"end":{"line":18,"column":7}},"3":{"start":{"line":12,"column":22},"end":{"line":12,"column":43}},"4":{"start":{"line":13,"column":10},"end":{"line":13,"column":83}},"5":{"start":{"line":13,"column":19},"end":{"line":13,"column":83}},"6":{"start":{"line":14,"column":10},"end":{"line":14,"column":76}},"7":{"start":{"line":15,"column":10},"end":{"line":15,"column":33}},"8":{"start":{"line":16,"column":10},"end":{"line":16,"column":56}},"9":{"start":{"line":17,"column":10},"end":{"line":17,"column":71}},"10":{"start":{"line":19,"column":6},"end":{"line":19,"column":16}},"11":{"start":{"line":22,"column":6},"end":{"line":22,"column":46}},"12":{"start":{"line":23,"column":6},"end":{"line":23,"column":16}},"13":{"start":{"line":28,"column":2},"end":{"line":37,"column":3}},"14":{"start":{"line":29,"column":4},"end":{"line":31,"column":5}},"15":{"start":{"line":30,"column":6},"end":{"line":30,"column":27}},"16":{"start":{"line":33,"column":4},"end":{"line":33,"column":41}},"17":{"start":{"line":35,"column":4},"end":{"line":35,"column":18}},"18":{"start":{"line":36,"column":4},"end":{"line":36,"column":14}}},"fnMap":{"0":{"name":"connectDB","decl":{"start":{"line":8,"column":22},"end":{"line":8,"column":31}},"loc":{"start":{"line":9,"column":0},"end":{"line":25,"column":1}},"line":9},"1":{"name":"closeDB","decl":{"start":{"line":27,"column":22},"end":{"line":27,"column":29}},"loc":{"start":{"line":27,"column":31},"end":{"line":38,"column":1}},"line":27}},"branchMap":{"0":{"loc":{"start":{"line":11,"column":6},"end":{"line":18,"column":7}},"type":"if","locations":[{"start":{"line":11,"column":6},"end":{"line":18,"column":7}},{"start":{},"end":{}}],"line":11},"1":{"loc":{"start":{"line":13,"column":10},"end":{"line":13,"column":83}},"type":"if","locations":[{"start":{"line":13,"column":10},"end":{"line":13,"column":83}},{"start":{},"end":{}}],"line":13},"2":{"loc":{"start":{"line":17,"column":25},"end":{"line":17,"column":69}},"type":"binary-expr","locations":[{"start":{"line":17,"column":25},"end":{"line":17,"column":50}},{"start":{"line":17,"column":54},"end":{"line":17,"column":69}}],"line":17},"3":{"loc":{"start":{"line":29,"column":4},"end":{"line":31,"column":5}},"type":"if","locations":[{"start":{"line":29,"column":4},"end":{"line":31,"column":5}},{"start":{},"end":{}}],"line":29}},"s":{"0":1,"1":3,"2":3,"3":1,"4":1,"5":0,"6":1,"7":1,"8":1,"9":1,"10":3,"11":0,"12":0,"13":1,"14":1,"15":1,"16":0,"17":1,"18":1},"f":{"0":3,"1":1},"b":{"0":[1,2],"1":[0,1],"2":[1,1],"3":[1,0]},"inputSourceMap":null,"_coverageSchema":"1a1c01bbd47fc00a2c39e90264f33305004495a9","hash":"f59245109d53911f32726b3e630481014ce4aeac"}
,"D:\\COSC 360 Assignments\\FInd-Anything\\backend\\src\\index.js": {"path":"D:\\COSC 360 Assignments\\FInd-Anything\\backend\\src\\index.js","statementMap":{"0":{"start":{"line":10,"column":14},"end":{"line":10,"column":23}},"1":{"start":{"line":11,"column":2},"end":{"line":15,"column":6}},"2":{"start":{"line":17,"column":2},"end":{"line":17,"column":26}},"3":{"start":{"line":19,"column":2},"end":{"line":21,"column":5}},"4":{"start":{"line":20,"column":4},"end":{"line":20,"column":29}},"5":{"start":{"line":24,"column":2},"end":{"line":24,"column":32}},"6":{"start":{"line":27,"column":2},"end":{"line":27,"column":31}},"7":{"start":{"line":30,"column":2},"end":{"line":30,"column":47}},"8":{"start":{"line":33,"column":2},"end":{"line":35,"column":5}},"9":{"start":{"line":34,"column":4},"end":{"line":34,"column":43}},"10":{"start":{"line":37,"column":2},"end":{"line":37,"column":13}},"11":{"start":{"line":41,"column":0},"end":{"line":50,"column":1}},"12":{"start":{"line":42,"column":15},"end":{"line":42,"column":39}},"13":{"start":{"line":43,"column":2},"end":{"line":49,"column":7}},"14":{"start":{"line":44,"column":4},"end":{"line":44,"column":22}},"15":{"start":{"line":45,"column":16},"end":{"line":45,"column":27}},"16":{"start":{"line":46,"column":4},"end":{"line":48,"column":7}},"17":{"start":{"line":47,"column":6},"end":{"line":47,"column":71}}},"fnMap":{"0":{"name":"createApp","decl":{"start":{"line":9,"column":16},"end":{"line":9,"column":25}},"loc":{"start":{"line":9,"column":27},"end":{"line":38,"column":1}},"line":9},"1":{"name":"(anonymous_1)","decl":{"start":{"line":19,"column":15},"end":{"line":19,"column":16}},"loc":{"start":{"line":19,"column":29},"end":{"line":21,"column":3}},"line":19},"2":{"name":"(anonymous_2)","decl":{"start":{"line":33,"column":20},"end":{"line":33,"column":21}},"loc":{"start":{"line":33,"column":34},"end":{"line":35,"column":3}},"line":33},"3":{"name":"(anonymous_3)","decl":{"start":{"line":43,"column":3},"end":{"line":43,"column":4}},"loc":{"start":{"line":43,"column":15},"end":{"line":49,"column":3}},"line":43},"4":{"name":"(anonymous_4)","decl":{"start":{"line":46,"column":21},"end":{"line":46,"column":22}},"loc":{"start":{"line":46,"column":27},"end":{"line":48,"column":5}},"line":46}},"branchMap":{"0":{"loc":{"start":{"line":41,"column":0},"end":{"line":50,"column":1}},"type":"if","locations":[{"start":{"line":41,"column":0},"end":{"line":50,"column":1}},{"start":{},"end":{}}],"line":41},"1":{"loc":{"start":{"line":42,"column":15},"end":{"line":42,"column":39}},"type":"binary-expr","locations":[{"start":{"line":42,"column":15},"end":{"line":42,"column":31}},{"start":{"line":42,"column":35},"end":{"line":42,"column":39}}],"line":42}},"s":{"0":1,"1":1,"2":1,"3":1,"4":0,"5":1,"6":1,"7":1,"8":1,"9":0,"10":1,"11":1,"12":0,"13":0,"14":0,"15":0,"16":0,"17":0},"f":{"0":1,"1":0,"2":0,"3":0,"4":0},"b":{"0":[0,1],"1":[0,0]},"inputSourceMap":null,"_coverageSchema":"1a1c01bbd47fc00a2c39e90264f33305004495a9","hash":"e2f52a700ad8d253f2c8ab07f27242aafd91919e"}
,"D:\\COSC 360 Assignments\\FInd-Anything\\backend\\src\\middleware\\auth.middleware.js": {"path":"D:\\COSC 360 Assignments\\FInd-Anything\\backend\\src\\middleware\\auth.middleware.js","statementMap":{"0":{"start":{"line":5,"column":23},"end":{"line":5,"column":79}},"1":{"start":{"line":10,"column":4},"end":{"line":10,"column":40}},"2":{"start":{"line":12,"column":18},"end":{"line":12,"column":61}},"3":{"start":{"line":15,"column":4},"end":{"line":22,"column":5}},"4":{"start":{"line":16,"column":8},"end":{"line":16,"column":32}},"5":{"start":{"line":17,"column":8},"end":{"line":21,"column":10}},"6":{"start":{"line":25,"column":4},"end":{"line":45,"column":5}},"7":{"start":{"line":26,"column":24},"end":{"line":26,"column":65}},"8":{"start":{"line":27,"column":8},"end":{"line":27,"column":27}},"9":{"start":{"line":29,"column":8},"end":{"line":36,"column":9}},"10":{"start":{"line":30,"column":12},"end":{"line":30,"column":19}},"11":{"start":{"line":33,"column":12},"end":{"line":35,"column":15}},"12":{"start":{"line":40,"column":8},"end":{"line":44,"column":10}},"13":{"start":{"line":46,"column":4},"end":{"line":46,"column":49}},"14":{"start":{"line":53,"column":4},"end":{"line":61,"column":5}},"15":{"start":{"line":54,"column":8},"end":{"line":54,"column":15}},"16":{"start":{"line":57,"column":8},"end":{"line":59,"column":11}},"17":{"start":{"line":67,"column":4},"end":{"line":80,"column":5}},"18":{"start":{"line":68,"column":21},"end":{"line":68,"column":31}},"19":{"start":{"line":69,"column":21},"end":{"line":69,"column":36}},"20":{"start":{"line":70,"column":8},"end":{"line":76,"column":9}},"21":{"start":{"line":71,"column":12},"end":{"line":71,"column":19}},"22":{"start":{"line":73,"column":12},"end":{"line":75,"column":15}},"23":{"start":{"line":79,"column":8},"end":{"line":79,"column":33}},"24":{"start":{"line":84,"column":15},"end":{"line":84,"column":39}},"25":{"start":{"line":85,"column":4},"end":{"line":91,"column":5}},"26":{"start":{"line":86,"column":8},"end":{"line":86,"column":15}},"27":{"start":{"line":88,"column":8},"end":{"line":90,"column":15}},"28":{"start":{"line":98,"column":23},"end":{"line":98,"column":45}},"29":{"start":{"line":99,"column":21},"end":{"line":99,"column":38}},"30":{"start":{"line":100,"column":21},"end":{"line":100,"column":38}},"31":{"start":{"line":103,"column":4},"end":{"line":112,"column":5}},"32":{"start":{"line":105,"column":8},"end":{"line":105,"column":46}},"33":{"start":{"line":109,"column":8},"end":{"line":111,"column":11}},"34":{"start":{"line":114,"column":17},"end":{"line":114,"column":29}},"35":{"start":{"line":116,"column":4},"end":{"line":117,"column":67}},"36":{"start":{"line":117,"column":8},"end":{"line":117,"column":67}},"37":{"start":{"line":120,"column":4},"end":{"line":142,"column":5}},"38":{"start":{"line":122,"column":63},"end":{"line":122,"column":67}},"39":{"start":{"line":123,"column":24},"end":{"line":123,"column":62}},"40":{"start":{"line":124,"column":22},"end":{"line":130,"column":9}},"41":{"start":{"line":132,"column":8},"end":{"line":135,"column":11}},"42":{"start":{"line":139,"column":8},"end":{"line":141,"column":10}}},"fnMap":{"0":{"name":"authenticate","decl":{"start":{"line":8,"column":22},"end":{"line":8,"column":34}},"loc":{"start":{"line":8,"column":48},"end":{"line":47,"column":1}},"line":8},"1":{"name":"authenticateAdmin","decl":{"start":{"line":49,"column":22},"end":{"line":49,"column":39}},"loc":{"start":{"line":49,"column":55},"end":{"line":62,"column":1}},"line":49},"2":{"name":"authenticateUser","decl":{"start":{"line":64,"column":22},"end":{"line":64,"column":38}},"loc":{"start":{"line":64,"column":54},"end":{"line":81,"column":1}},"line":64},"3":{"name":"authenticateUserUpdate","decl":{"start":{"line":83,"column":22},"end":{"line":83,"column":44}},"loc":{"start":{"line":83,"column":60},"end":{"line":94,"column":1}},"line":83},"4":{"name":"sendToken","decl":{"start":{"line":96,"column":22},"end":{"line":96,"column":31}},"loc":{"start":{"line":96,"column":47},"end":{"line":144,"column":1}},"line":96}},"branchMap":{"0":{"loc":{"start":{"line":15,"column":4},"end":{"line":22,"column":5}},"type":"if","locations":[{"start":{"line":15,"column":4},"end":{"line":22,"column":5}},{"start":{},"end":{}}],"line":15},"1":{"loc":{"start":{"line":29,"column":8},"end":{"line":36,"column":9}},"type":"if","locations":[{"start":{"line":29,"column":8},"end":{"line":36,"column":9}},{"start":{"line":32,"column":8},"end":{"line":36,"column":9}}],"line":29},"2":{"loc":{"start":{"line":29,"column":11},"end":{"line":29,"column":64}},"type":"binary-expr","locations":[{"start":{"line":29,"column":11},"end":{"line":29,"column":36}},{"start":{"line":29,"column":40},"end":{"line":29,"column":64}}],"line":29},"3":{"loc":{"start":{"line":53,"column":4},"end":{"line":61,"column":5}},"type":"if","locations":[{"start":{"line":53,"column":4},"end":{"line":61,"column":5}},{"start":{"line":56,"column":8},"end":{"line":61,"column":5}}],"line":53},"4":{"loc":{"start":{"line":70,"column":8},"end":{"line":76,"column":9}},"type":"if","locations":[{"start":{"line":70,"column":8},"end":{"line":76,"column":9}},{"start":{"line":72,"column":13},"end":{"line":76,"column":9}}],"line":70},"5":{"loc":{"start":{"line":70,"column":11},"end":{"line":70,"column":55}},"type":"binary-expr","locations":[{"start":{"line":70,"column":11},"end":{"line":70,"column":26}},{"start":{"line":70,"column":30},"end":{"line":70,"column":55}}],"line":70},"6":{"loc":{"start":{"line":85,"column":4},"end":{"line":91,"column":5}},"type":"if","locations":[{"start":{"line":85,"column":4},"end":{"line":91,"column":5}},{"start":{"line":87,"column":9},"end":{"line":91,"column":5}}],"line":85},"7":{"loc":{"start":{"line":85,"column":7},"end":{"line":85,"column":55}},"type":"binary-expr","locations":[{"start":{"line":85,"column":7},"end":{"line":85,"column":26}},{"start":{"line":85,"column":30},"end":{"line":85,"column":55}}],"line":85},"8":{"loc":{"start":{"line":103,"column":4},"end":{"line":112,"column":5}},"type":"if","locations":[{"start":{"line":103,"column":4},"end":{"line":112,"column":5}},{"start":{"line":108,"column":4},"end":{"line":112,"column":5}}],"line":103},"9":{"loc":{"start":{"line":103,"column":7},"end":{"line":103,"column":48}},"type":"binary-expr","locations":[{"start":{"line":103,"column":7},"end":{"line":103,"column":15}},{"start":{"line":103,"column":19},"end":{"line":103,"column":48}}],"line":103},"10":{"loc":{"start":{"line":116,"column":4},"end":{"line":117,"column":67}},"type":"if","locations":[{"start":{"line":116,"column":4},"end":{"line":117,"column":67}},{"start":{},"end":{}}],"line":116},"11":{"loc":{"start":{"line":120,"column":4},"end":{"line":142,"column":5}},"type":"if","locations":[{"start":{"line":120,"column":4},"end":{"line":142,"column":5}},{"start":{"line":138,"column":8},"end":{"line":142,"column":5}}],"line":120}},"s":{"0":1,"1":1,"2":1,"3":1,"4":0,"5":0,"6":1,"7":1,"8":1,"9":1,"10":1,"11":0,"12":0,"13":1,"14":0,"15":0,"16":0,"17":0,"18":0,"19":0,"20":0,"21":0,"22":0,"23":0,"24":0,"25":0,"26":0,"27":0,"28":0,"29":0,"30":0,"31":0,"32":0,"33":0,"34":0,"35":0,"36":0,"37":0,"38":0,"39":0,"40":0,"41":0,"42":0},"f":{"0":1,"1":0,"2":0,"3":0,"4":0},"b":{"0":[0,1],"1":[1,0],"2":[1,1],"3":[0,0],"4":[0,0],"5":[0,0],"6":[0,0],"7":[0,0],"8":[0,0],"9":[0,0],"10":[0,0],"11":[0,0]},"inputSourceMap":null,"_coverageSchema":"1a1c01bbd47fc00a2c39e90264f33305004495a9","hash":"e29d95b4a7c7d769109ae136cc3da6a39aad2ea6"}
,"D:\\COSC 360 Assignments\\FInd-Anything\\backend\\src\\middleware\\books.middleware.js": {"path":"D:\\COSC 360 Assignments\\FInd-Anything\\backend\\src\\middleware\\books.middleware.js","statementMap":{"0":{"start":{"line":6,"column":16},"end":{"line":6,"column":32}},"1":{"start":{"line":7,"column":19},"end":{"line":7,"column":67}},"2":{"start":{"line":10,"column":0},"end":{"line":12,"column":1}},"3":{"start":{"line":11,"column":4},"end":{"line":11,"column":50}},"4":{"start":{"line":15,"column":16},"end":{"line":15,"column":38}},"5":{"start":{"line":18,"column":4},"end":{"line":24,"column":5}},"6":{"start":{"line":19,"column":24},"end":{"line":19,"column":34}},"7":{"start":{"line":20,"column":20},"end":{"line":20,"column":79}},"8":{"start":{"line":21,"column":21},"end":{"line":21,"column":48}},"9":{"start":{"line":22,"column":8},"end":{"line":22,"column":47}},"10":{"start":{"line":22,"column":25},"end":{"line":22,"column":47}},"11":{"start":{"line":23,"column":8},"end":{"line":23,"column":90}},"12":{"start":{"line":26,"column":4},"end":{"line":32,"column":5}},"13":{"start":{"line":27,"column":24},"end":{"line":27,"column":38}},"14":{"start":{"line":28,"column":20},"end":{"line":28,"column":79}},"15":{"start":{"line":29,"column":21},"end":{"line":29,"column":48}},"16":{"start":{"line":30,"column":8},"end":{"line":30,"column":47}},"17":{"start":{"line":30,"column":25},"end":{"line":30,"column":47}},"18":{"start":{"line":31,"column":8},"end":{"line":31,"column":88}},"19":{"start":{"line":34,"column":4},"end":{"line":34,"column":20}},"20":{"start":{"line":37,"column":22},"end":{"line":41,"column":2}}},"fnMap":{"0":{"name":"fileFilter","decl":{"start":{"line":17,"column":9},"end":{"line":17,"column":19}},"loc":{"start":{"line":17,"column":35},"end":{"line":35,"column":1}},"line":17}},"branchMap":{"0":{"loc":{"start":{"line":10,"column":0},"end":{"line":12,"column":1}},"type":"if","locations":[{"start":{"line":10,"column":0},"end":{"line":12,"column":1}},{"start":{},"end":{}}],"line":10},"1":{"loc":{"start":{"line":18,"column":4},"end":{"line":24,"column":5}},"type":"if","locations":[{"start":{"line":18,"column":4},"end":{"line":24,"column":5}},{"start":{},"end":{}}],"line":18},"2":{"loc":{"start":{"line":22,"column":8},"end":{"line":22,"column":47}},"type":"if","locations":[{"start":{"line":22,"column":8},"end":{"line":22,"column":47}},{"start":{},"end":{}}],"line":22},"3":{"loc":{"start":{"line":22,"column":12},"end":{"line":22,"column":23}},"type":"binary-expr","locations":[{"start":{"line":22,"column":12},"end":{"line":22,"column":15}},{"start":{"line":22,"column":19},"end":{"line":22,"column":23}}],"line":22},"4":{"loc":{"start":{"line":26,"column":4},"end":{"line":32,"column":5}},"type":"if","locations":[{"start":{"line":26,"column":4},"end":{"line":32,"column":5}},{"start":{},"end":{}}],"line":26},"5":{"loc":{"start":{"line":30,"column":8},"end":{"line":30,"column":47}},"type":"if","locations":[{"start":{"line":30,"column":8},"end":{"line":30,"column":47}},{"start":{},"end":{}}],"line":30},"6":{"loc":{"start":{"line":30,"column":12},"end":{"line":30,"column":23}},"type":"binary-expr","locations":[{"start":{"line":30,"column":12},"end":{"line":30,"column":15}},{"start":{"line":30,"column":19},"end":{"line":30,"column":23}}],"line":30}},"s":{"0":1,"1":1,"2":1,"3":0,"4":1,"5":0,"6":0,"7":0,"8":0,"9":0,"10":0,"11":0,"12":0,"13":0,"14":0,"15":0,"16":0,"17":0,"18":0,"19":0,"20":1},"f":{"0":0},"b":{"0":[0,1],"1":[0,0],"2":[0,0],"3":[0,0],"4":[0,0],"5":[0,0],"6":[0,0]},"inputSourceMap":null,"_coverageSchema":"1a1c01bbd47fc00a2c39e90264f33305004495a9","hash":"1a2701fda18ea3c4eaddc10e051d996a61801427"}
,"D:\\COSC 360 Assignments\\FInd-Anything\\backend\\src\\middleware\\uploadValidator.js": {"path":"D:\\COSC 360 Assignments\\FInd-Anything\\backend\\src\\middleware\\uploadValidator.js","statementMap":{"0":{"start":{"line":7,"column":32},"end":{"line":33,"column":1}},"1":{"start":{"line":8,"column":17},"end":{"line":8,"column":37}},"2":{"start":{"line":9,"column":18},"end":{"line":9,"column":39}},"3":{"start":{"line":10,"column":4},"end":{"line":12,"column":5}},"4":{"start":{"line":11,"column":8},"end":{"line":11,"column":69}},"5":{"start":{"line":13,"column":21},"end":{"line":13,"column":65}},"6":{"start":{"line":14,"column":4},"end":{"line":14,"column":52}},"7":{"start":{"line":15,"column":4},"end":{"line":15,"column":31}},"8":{"start":{"line":16,"column":21},"end":{"line":16,"column":78}},"9":{"start":{"line":19,"column":4},"end":{"line":19,"column":44}},"10":{"start":{"line":20,"column":4},"end":{"line":24,"column":6}},"11":{"start":{"line":26,"column":4},"end":{"line":31,"column":5}},"12":{"start":{"line":27,"column":8},"end":{"line":30,"column":10}},"13":{"start":{"line":32,"column":4},"end":{"line":32,"column":11}},"14":{"start":{"line":37,"column":34},"end":{"line":83,"column":1}},"15":{"start":{"line":38,"column":8},"end":{"line":38,"column":49}},"16":{"start":{"line":39,"column":29},"end":{"line":42,"column":10}},"17":{"start":{"line":44,"column":8},"end":{"line":82,"column":11}},"18":{"start":{"line":45,"column":9},"end":{"line":47,"column":9}},"19":{"start":{"line":46,"column":12},"end":{"line":46,"column":66}},"20":{"start":{"line":49,"column":8},"end":{"line":51,"column":9}},"21":{"start":{"line":50,"column":12},"end":{"line":50,"column":73}},"22":{"start":{"line":53,"column":8},"end":{"line":53,"column":37}},"23":{"start":{"line":54,"column":8},"end":{"line":54,"column":64}},"24":{"start":{"line":57,"column":8},"end":{"line":71,"column":9}},"25":{"start":{"line":58,"column":30},"end":{"line":58,"column":66}},"26":{"start":{"line":59,"column":12},"end":{"line":59,"column":87}},"27":{"start":{"line":59,"column":42},"end":{"line":59,"column":87}},"28":{"start":{"line":61,"column":29},"end":{"line":61,"column":77}},"29":{"start":{"line":62,"column":29},"end":{"line":62,"column":59}},"30":{"start":{"line":63,"column":12},"end":{"line":63,"column":56}},"31":{"start":{"line":66,"column":12},"end":{"line":66,"column":37}},"32":{"start":{"line":67,"column":12},"end":{"line":67,"column":42}},"33":{"start":{"line":69,"column":12},"end":{"line":69,"column":76}},"34":{"start":{"line":70,"column":12},"end":{"line":70,"column":85}},"35":{"start":{"line":73,"column":8},"end":{"line":78,"column":9}},"36":{"start":{"line":74,"column":12},"end":{"line":77,"column":14}},"37":{"start":{"line":80,"column":8},"end":{"line":80,"column":75}},"38":{"start":{"line":81,"column":8},"end":{"line":81,"column":15}}},"fnMap":{"0":{"name":"(anonymous_0)","decl":{"start":{"line":7,"column":32},"end":{"line":7,"column":33}},"loc":{"start":{"line":7,"column":52},"end":{"line":33,"column":1}},"line":7},"1":{"name":"(anonymous_1)","decl":{"start":{"line":37,"column":34},"end":{"line":37,"column":35}},"loc":{"start":{"line":37,"column":54},"end":{"line":83,"column":1}},"line":37},"2":{"name":"(anonymous_2)","decl":{"start":{"line":44,"column":31},"end":{"line":44,"column":32}},"loc":{"start":{"line":44,"column":45},"end":{"line":82,"column":9}},"line":44}},"branchMap":{"0":{"loc":{"start":{"line":10,"column":4},"end":{"line":12,"column":5}},"type":"if","locations":[{"start":{"line":10,"column":4},"end":{"line":12,"column":5}},{"start":{},"end":{}}],"line":10},"1":{"loc":{"start":{"line":26,"column":4},"end":{"line":31,"column":5}},"type":"if","locations":[{"start":{"line":26,"column":4},"end":{"line":31,"column":5}},{"start":{},"end":{}}],"line":26},"2":{"loc":{"start":{"line":45,"column":9},"end":{"line":47,"column":9}},"type":"if","locations":[{"start":{"line":45,"column":9},"end":{"line":47,"column":9}},{"start":{},"end":{}}],"line":45},"3":{"loc":{"start":{"line":49,"column":8},"end":{"line":51,"column":9}},"type":"if","locations":[{"start":{"line":49,"column":8},"end":{"line":51,"column":9}},{"start":{},"end":{}}],"line":49},"4":{"loc":{"start":{"line":54,"column":20},"end":{"line":54,"column":63}},"type":"cond-expr","locations":[{"start":{"line":54,"column":38},"end":{"line":54,"column":56}},{"start":{"line":54,"column":59},"end":{"line":54,"column":63}}],"line":54},"5":{"loc":{"start":{"line":59,"column":12},"end":{"line":59,"column":87}},"type":"if","locations":[{"start":{"line":59,"column":12},"end":{"line":59,"column":87}},{"start":{},"end":{}}],"line":59},"6":{"loc":{"start":{"line":73,"column":8},"end":{"line":78,"column":9}},"type":"if","locations":[{"start":{"line":73,"column":8},"end":{"line":78,"column":9}},{"start":{},"end":{}}],"line":73}},"s":{"0":1,"1":0,"2":0,"3":0,"4":0,"5":0,"6":0,"7":0,"8":0,"9":0,"10":0,"11":0,"12":0,"13":0,"14":1,"15":0,"16":0,"17":0,"18":0,"19":0,"20":0,"21":0,"22":0,"23":0,"24":0,"25":0,"26":0,"27":0,"28":0,"29":0,"30":0,"31":0,"32":0,"33":0,"34":0,"35":0,"36":0,"37":0,"38":0},"f":{"0":0,"1":0,"2":0},"b":{"0":[0,0],"1":[0,0],"2":[0,0],"3":[0,0],"4":[0,0],"5":[0,0],"6":[0,0]},"inputSourceMap":null,"_coverageSchema":"1a1c01bbd47fc00a2c39e90264f33305004495a9","hash":"62ce80bf8808d4d9abebe80f7321c2d187eda8bb"}
,"D:\\COSC 360 Assignments\\FInd-Anything\\backend\\src\\modules\\auth\\auth.controller.js": {"path":"D:\\COSC 360 Assignments\\FInd-Anything\\backend\\src\\modules\\auth\\auth.controller.js","statementMap":{"0":{"start":{"line":5,"column":4},"end":{"line":5,"column":20}},"1":{"start":{"line":7,"column":17},"end":{"line":7,"column":49}},"2":{"start":{"line":8,"column":4},"end":{"line":8,"column":19}},"3":{"start":{"line":12,"column":19},"end":{"line":12,"column":32}},"4":{"start":{"line":13,"column":4},"end":{"line":13,"column":38}},"5":{"start":{"line":14,"column":17},"end":{"line":14,"column":55}},"6":{"start":{"line":15,"column":4},"end":{"line":15,"column":19}},"7":{"start":{"line":19,"column":4},"end":{"line":19,"column":20}},"8":{"start":{"line":20,"column":15},"end":{"line":20,"column":64}},"9":{"start":{"line":21,"column":4},"end":{"line":27,"column":5}},"10":{"start":{"line":22,"column":8},"end":{"line":22,"column":24}},"11":{"start":{"line":23,"column":8},"end":{"line":23,"column":23}},"12":{"start":{"line":25,"column":8},"end":{"line":25,"column":24}},"13":{"start":{"line":28,"column":6},"end":{"line":28,"column":44}},"14":{"start":{"line":32,"column":17},"end":{"line":32,"column":27}},"15":{"start":{"line":33,"column":21},"end":{"line":33,"column":55}},"16":{"start":{"line":34,"column":4},"end":{"line":43,"column":5}},"17":{"start":{"line":35,"column":8},"end":{"line":35,"column":24}},"18":{"start":{"line":36,"column":8},"end":{"line":36,"column":19}},"19":{"start":{"line":39,"column":8},"end":{"line":39,"column":24}},"20":{"start":{"line":40,"column":8},"end":{"line":42,"column":11}},"21":{"start":{"line":49,"column":4},"end":{"line":78,"column":5}},"22":{"start":{"line":50,"column":19},"end":{"line":50,"column":30}},"23":{"start":{"line":51,"column":22},"end":{"line":51,"column":36}},"24":{"start":{"line":52,"column":25},"end":{"line":52,"column":42}},"25":{"start":{"line":53,"column":23},"end":{"line":53,"column":40}},"26":{"start":{"line":54,"column":32},"end":{"line":54,"column":56}},"27":{"start":{"line":55,"column":31},"end":{"line":55,"column":87}},"28":{"start":{"line":56,"column":28},"end":{"line":56,"column":59}},"29":{"start":{"line":58,"column":8},"end":{"line":59,"column":52}},"30":{"start":{"line":59,"column":12},"end":{"line":59,"column":52}},"31":{"start":{"line":61,"column":8},"end":{"line":62,"column":55}},"32":{"start":{"line":62,"column":12},"end":{"line":62,"column":55}},"33":{"start":{"line":64,"column":8},"end":{"line":65,"column":54}},"34":{"start":{"line":65,"column":12},"end":{"line":65,"column":54}},"35":{"start":{"line":67,"column":8},"end":{"line":68,"column":55}},"36":{"start":{"line":68,"column":12},"end":{"line":68,"column":55}},"37":{"start":{"line":69,"column":26},"end":{"line":69,"column":59}},"38":{"start":{"line":70,"column":24},"end":{"line":70,"column":59}},"39":{"start":{"line":72,"column":26},"end":{"line":72,"column":104}},"40":{"start":{"line":74,"column":8},"end":{"line":74,"column":80}},"41":{"start":{"line":77,"column":8},"end":{"line":77,"column":54}}},"fnMap":{"0":{"name":"getAllUsers","decl":{"start":{"line":4,"column":15},"end":{"line":4,"column":26}},"loc":{"start":{"line":4,"column":36},"end":{"line":9,"column":1}},"line":4},"1":{"name":"getUserById","decl":{"start":{"line":11,"column":15},"end":{"line":11,"column":26}},"loc":{"start":{"line":11,"column":36},"end":{"line":16,"column":1}},"line":11},"2":{"name":"getUserByEmail","decl":{"start":{"line":18,"column":15},"end":{"line":18,"column":29}},"loc":{"start":{"line":18,"column":39},"end":{"line":29,"column":1}},"line":18},"3":{"name":"deleteUsers","decl":{"start":{"line":31,"column":15},"end":{"line":31,"column":26}},"loc":{"start":{"line":31,"column":36},"end":{"line":45,"column":1}},"line":31},"4":{"name":"updateUser","decl":{"start":{"line":47,"column":15},"end":{"line":47,"column":25}},"loc":{"start":{"line":47,"column":35},"end":{"line":80,"column":1}},"line":47}},"branchMap":{"0":{"loc":{"start":{"line":21,"column":4},"end":{"line":27,"column":5}},"type":"if","locations":[{"start":{"line":21,"column":4},"end":{"line":27,"column":5}},{"start":{"line":24,"column":9},"end":{"line":27,"column":5}}],"line":21},"1":{"loc":{"start":{"line":34,"column":4},"end":{"line":43,"column":5}},"type":"if","locations":[{"start":{"line":34,"column":4},"end":{"line":43,"column":5}},{"start":{"line":38,"column":8},"end":{"line":43,"column":5}}],"line":34},"2":{"loc":{"start":{"line":58,"column":8},"end":{"line":59,"column":52}},"type":"if","locations":[{"start":{"line":58,"column":8},"end":{"line":59,"column":52}},{"start":{},"end":{}}],"line":58},"3":{"loc":{"start":{"line":61,"column":8},"end":{"line":62,"column":55}},"type":"if","locations":[{"start":{"line":61,"column":8},"end":{"line":62,"column":55}},{"start":{},"end":{}}],"line":61},"4":{"loc":{"start":{"line":61,"column":11},"end":{"line":61,"column":60}},"type":"binary-expr","locations":[{"start":{"line":61,"column":11},"end":{"line":61,"column":26}},{"start":{"line":61,"column":30},"end":{"line":61,"column":60}}],"line":61},"5":{"loc":{"start":{"line":64,"column":8},"end":{"line":65,"column":54}},"type":"if","locations":[{"start":{"line":64,"column":8},"end":{"line":65,"column":54}},{"start":{},"end":{}}],"line":64},"6":{"loc":{"start":{"line":67,"column":8},"end":{"line":68,"column":55}},"type":"if","locations":[{"start":{"line":67,"column":8},"end":{"line":68,"column":55}},{"start":{},"end":{}}],"line":67},"7":{"loc":{"start":{"line":69,"column":26},"end":{"line":69,"column":59}},"type":"cond-expr","locations":[{"start":{"line":69,"column":37},"end":{"line":69,"column":52}},{"start":{"line":69,"column":55},"end":{"line":69,"column":59}}],"line":69},"8":{"loc":{"start":{"line":70,"column":24},"end":{"line":70,"column":59}},"type":"cond-expr","locations":[{"start":{"line":70,"column":35},"end":{"line":70,"column":52}},{"start":{"line":70,"column":55},"end":{"line":70,"column":59}}],"line":70}},"s":{"0":0,"1":0,"2":0,"3":0,"4":0,"5":0,"6":0,"7":0,"8":0,"9":0,"10":0,"11":0,"12":0,"13":0,"14":0,"15":0,"16":0,"17":0,"18":0,"19":0,"20":0,"21":0,"22":0,"23":0,"24":0,"25":0,"26":0,"27":0,"28":0,"29":0,"30":0,"31":0,"32":0,"33":0,"34":0,"35":0,"36":0,"37":0,"38":0,"39":0,"40":0,"41":0},"f":{"0":0,"1":0,"2":0,"3":0,"4":0},"b":{"0":[0,0],"1":[0,0],"2":[0,0],"3":[0,0],"4":[0,0],"5":[0,0],"6":[0,0],"7":[0,0],"8":[0,0]},"inputSourceMap":null,"_coverageSchema":"1a1c01bbd47fc00a2c39e90264f33305004495a9","hash":"d981b474cee3b6ee3d21d5fe59abfb398723b26f"}
,"D:\\COSC 360 Assignments\\FInd-Anything\\backend\\src\\modules\\auth\\auth.repository.js": {"path":"D:\\COSC 360 Assignments\\FInd-Anything\\backend\\src\\modules\\auth\\auth.repository.js","statementMap":{"0":{"start":{"line":7,"column":19},"end":{"line":7,"column":57}},"1":{"start":{"line":10,"column":15},"end":{"line":10,"column":32}},"2":{"start":{"line":11,"column":17},"end":{"line":11,"column":72}},"3":{"start":{"line":13,"column":4},"end":{"line":13,"column":16}},"4":{"start":{"line":17,"column":15},"end":{"line":17,"column":32}},"5":{"start":{"line":18,"column":17},"end":{"line":18,"column":86}},"6":{"start":{"line":19,"column":4},"end":{"line":20,"column":54}},"7":{"start":{"line":20,"column":8},"end":{"line":20,"column":54}},"8":{"start":{"line":21,"column":4},"end":{"line":21,"column":19}},"9":{"start":{"line":26,"column":15},"end":{"line":26,"column":32}},"10":{"start":{"line":27,"column":17},"end":{"line":27,"column":62}},"11":{"start":{"line":28,"column":4},"end":{"line":28,"column":16}},"12":{"start":{"line":32,"column":15},"end":{"line":32,"column":32}},"13":{"start":{"line":33,"column":19},"end":{"line":33,"column":83}},"14":{"start":{"line":34,"column":4},"end":{"line":34,"column":20}},"15":{"start":{"line":35,"column":4},"end":{"line":41,"column":5}},"16":{"start":{"line":36,"column":8},"end":{"line":36,"column":71}},"17":{"start":{"line":37,"column":8},"end":{"line":37,"column":20}},"18":{"start":{"line":39,"column":8},"end":{"line":39,"column":67}},"19":{"start":{"line":40,"column":8},"end":{"line":40,"column":21}},"20":{"start":{"line":45,"column":15},"end":{"line":45,"column":32}},"21":{"start":{"line":46,"column":22},"end":{"line":46,"column":43}},"22":{"start":{"line":47,"column":20},"end":{"line":47,"column":52}},"23":{"start":{"line":48,"column":23},"end":{"line":48,"column":64}},"24":{"start":{"line":49,"column":23},"end":{"line":49,"column":63}},"25":{"start":{"line":50,"column":27},"end":{"line":50,"column":74}},"26":{"start":{"line":51,"column":25},"end":{"line":51,"column":71}},"27":{"start":{"line":54,"column":21},"end":{"line":54,"column":46}},"28":{"start":{"line":55,"column":4},"end":{"line":55,"column":71}},"29":{"start":{"line":55,"column":43},"end":{"line":55,"column":69}},"30":{"start":{"line":56,"column":4},"end":{"line":57,"column":50}},"31":{"start":{"line":57,"column":8},"end":{"line":57,"column":50}},"32":{"start":{"line":60,"column":19},"end":{"line":66,"column":5}},"33":{"start":{"line":68,"column":17},"end":{"line":72,"column":5}},"34":{"start":{"line":74,"column":4},"end":{"line":74,"column":46}},"35":{"start":{"line":76,"column":4},"end":{"line":76,"column":14}}},"fnMap":{"0":{"name":"getUser","decl":{"start":{"line":9,"column":15},"end":{"line":9,"column":22}},"loc":{"start":{"line":9,"column":34},"end":{"line":14,"column":1}},"line":9},"1":{"name":"getUserById","decl":{"start":{"line":16,"column":15},"end":{"line":16,"column":26}},"loc":{"start":{"line":16,"column":30},"end":{"line":22,"column":1}},"line":16},"2":{"name":"getAllUsers","decl":{"start":{"line":24,"column":15},"end":{"line":24,"column":26}},"loc":{"start":{"line":24,"column":28},"end":{"line":29,"column":1}},"line":24},"3":{"name":"deleteUsers","decl":{"start":{"line":31,"column":15},"end":{"line":31,"column":26}},"loc":{"start":{"line":31,"column":30},"end":{"line":42,"column":1}},"line":31},"4":{"name":"updateUser","decl":{"start":{"line":44,"column":15},"end":{"line":44,"column":25}},"loc":{"start":{"line":44,"column":82},"end":{"line":77,"column":1}},"line":44},"5":{"name":"(anonymous_5)","decl":{"start":{"line":55,"column":35},"end":{"line":55,"column":36}},"loc":{"start":{"line":55,"column":43},"end":{"line":55,"column":69}},"line":55}},"branchMap":{"0":{"loc":{"start":{"line":19,"column":4},"end":{"line":20,"column":54}},"type":"if","locations":[{"start":{"line":19,"column":4},"end":{"line":20,"column":54}},{"start":{},"end":{}}],"line":19},"1":{"loc":{"start":{"line":35,"column":4},"end":{"line":41,"column":5}},"type":"if","locations":[{"start":{"line":35,"column":4},"end":{"line":41,"column":5}},{"start":{"line":38,"column":9},"end":{"line":41,"column":5}}],"line":35},"2":{"loc":{"start":{"line":47,"column":20},"end":{"line":47,"column":52}},"type":"cond-expr","locations":[{"start":{"line":47,"column":27},"end":{"line":47,"column":32}},{"start":{"line":47,"column":35},"end":{"line":47,"column":52}}],"line":47},"3":{"loc":{"start":{"line":48,"column":23},"end":{"line":48,"column":64}},"type":"cond-expr","locations":[{"start":{"line":48,"column":33},"end":{"line":48,"column":41}},{"start":{"line":48,"column":44},"end":{"line":48,"column":64}}],"line":48},"4":{"loc":{"start":{"line":49,"column":23},"end":{"line":49,"column":63}},"type":"cond-expr","locations":[{"start":{"line":49,"column":33},"end":{"line":49,"column":41}},{"start":{"line":49,"column":43},"end":{"line":49,"column":63}}],"line":49},"5":{"loc":{"start":{"line":50,"column":27},"end":{"line":50,"column":74}},"type":"cond-expr","locations":[{"start":{"line":50,"column":41},"end":{"line":50,"column":53}},{"start":{"line":50,"column":56},"end":{"line":50,"column":74}}],"line":50},"6":{"loc":{"start":{"line":51,"column":25},"end":{"line":51,"column":71}},"type":"cond-expr","locations":[{"start":{"line":51,"column":37},"end":{"line":51,"column":47}},{"start":{"line":51,"column":49},"end":{"line":51,"column":71}}],"line":51},"7":{"loc":{"start":{"line":56,"column":4},"end":{"line":57,"column":50}},"type":"if","locations":[{"start":{"line":56,"column":4},"end":{"line":57,"column":50}},{"start":{},"end":{}}],"line":56}},"s":{"0":1,"1":0,"2":0,"3":0,"4":0,"5":0,"6":0,"7":0,"8":0,"9":0,"10":0,"11":0,"12":0,"13":0,"14":0,"15":0,"16":0,"17":0,"18":0,"19":0,"20":0,"21":0,"22":0,"23":0,"24":0,"25":0,"26":0,"27":0,"28":0,"29":0,"30":0,"31":0,"32":0,"33":0,"34":0,"35":0},"f":{"0":0,"1":0,"2":0,"3":0,"4":0,"5":0},"b":{"0":[0,0],"1":[0,0],"2":[0,0],"3":[0,0],"4":[0,0],"5":[0,0],"6":[0,0],"7":[0,0]},"inputSourceMap":null,"_coverageSchema":"1a1c01bbd47fc00a2c39e90264f33305004495a9","hash":"32e7d850a2b7297791c8637440767f09be4e7a7b"}
,"D:\\COSC 360 Assignments\\FInd-Anything\\backend\\src\\modules\\auth\\auth.routes.js": {"path":"D:\\COSC 360 Assignments\\FInd-Anything\\backend\\src\\modules\\auth\\auth.routes.js","statementMap":{"0":{"start":{"line":6,"column":26},"end":{"line":6,"column":34}},"1":{"start":{"line":10,"column":16},"end":{"line":10,"column":38}},"2":{"start":{"line":11,"column":15},"end":{"line":11,"column":34}},"3":{"start":{"line":20,"column":0},"end":{"line":20,"column":42}},"4":{"start":{"line":22,"column":0},"end":{"line":22,"column":102}},"5":{"start":{"line":23,"column":0},"end":{"line":23,"column":94}},"6":{"start":{"line":24,"column":0},"end":{"line":24,"column":97}},"7":{"start":{"line":25,"column":0},"end":{"line":25,"column":125}}},"fnMap":{},"branchMap":{},"s":{"0":1,"1":1,"2":1,"3":1,"4":1,"5":1,"6":1,"7":1},"f":{},"b":{},"inputSourceMap":null,"_coverageSchema":"1a1c01bbd47fc00a2c39e90264f33305004495a9","hash":"508ea0ed7e1071daf7e07ffe1a0b3351575f68e5"}
,"D:\\COSC 360 Assignments\\FInd-Anything\\backend\\src\\modules\\auth\\auth.services.js": {"path":"D:\\COSC 360 Assignments\\FInd-Anything\\backend\\src\\modules\\auth\\auth.services.js","statementMap":{"0":{"start":{"line":5,"column":18},"end":{"line":5,"column":40}},"1":{"start":{"line":6,"column":4},"end":{"line":6,"column":17}},"2":{"start":{"line":11,"column":15},"end":{"line":11,"column":38}},"3":{"start":{"line":12,"column":4},"end":{"line":19,"column":5}},"4":{"start":{"line":14,"column":8},"end":{"line":14,"column":20}},"5":{"start":{"line":18,"column":8},"end":{"line":18,"column":20}},"6":{"start":{"line":24,"column":4},"end":{"line":24,"column":36}},"7":{"start":{"line":28,"column":4},"end":{"line":28,"column":36}},"8":{"start":{"line":33,"column":4},"end":{"line":33,"column":93}}},"fnMap":{"0":{"name":"getAllUsers","decl":{"start":{"line":3,"column":9},"end":{"line":3,"column":20}},"loc":{"start":{"line":3,"column":22},"end":{"line":7,"column":1}},"line":3},"1":{"name":"getUserByEmail","decl":{"start":{"line":9,"column":9},"end":{"line":9,"column":23}},"loc":{"start":{"line":9,"column":30},"end":{"line":20,"column":1}},"line":9},"2":{"name":"getUserById","decl":{"start":{"line":22,"column":9},"end":{"line":22,"column":20}},"loc":{"start":{"line":23,"column":0},"end":{"line":25,"column":1}},"line":23},"3":{"name":"deleteUsers","decl":{"start":{"line":27,"column":9},"end":{"line":27,"column":20}},"loc":{"start":{"line":27,"column":24},"end":{"line":29,"column":1}},"line":27},"4":{"name":"updateUser","decl":{"start":{"line":31,"column":15},"end":{"line":31,"column":25}},"loc":{"start":{"line":32,"column":0},"end":{"line":34,"column":1}},"line":32}},"branchMap":{"0":{"loc":{"start":{"line":12,"column":4},"end":{"line":19,"column":5}},"type":"if","locations":[{"start":{"line":12,"column":4},"end":{"line":19,"column":5}},{"start":{"line":17,"column":4},"end":{"line":19,"column":5}}],"line":12}},"s":{"0":0,"1":0,"2":0,"3":0,"4":0,"5":0,"6":0,"7":0,"8":0},"f":{"0":0,"1":0,"2":0,"3":0,"4":0},"b":{"0":[0,0]},"inputSourceMap":null,"_coverageSchema":"1a1c01bbd47fc00a2c39e90264f33305004495a9","hash":"2c4c34c255bb3c94e93210449adc26a860139e55"}
,"D:\\COSC 360 Assignments\\FInd-Anything\\backend\\src\\modules\\books\\book.repository.js": {"path":"D:\\COSC 360 Assignments\\FInd-Anything\\backend\\src\\modules\\books\\book.repository.js","statementMap":{"0":{"start":{"line":9,"column":15},"end":{"line":9,"column":32}},"1":{"start":{"line":10,"column":17},"end":{"line":10,"column":64}},"2":{"start":{"line":11,"column":4},"end":{"line":11,"column":16}},"3":{"start":{"line":16,"column":15},"end":{"line":16,"column":32}},"4":{"start":{"line":17,"column":17},"end":{"line":20,"column":17}},"5":{"start":{"line":22,"column":4},"end":{"line":22,"column":55}},"6":{"start":{"line":24,"column":4},"end":{"line":24,"column":16}},"7":{"start":{"line":28,"column":4},"end":{"line":28,"column":50}},"8":{"start":{"line":29,"column":15},"end":{"line":29,"column":32}},"9":{"start":{"line":30,"column":4},"end":{"line":30,"column":49}},"10":{"start":{"line":31,"column":4},"end":{"line":31,"column":45}},"11":{"start":{"line":35,"column":15},"end":{"line":35,"column":32}},"12":{"start":{"line":36,"column":17},"end":{"line":36,"column":78}},"13":{"start":{"line":37,"column":4},"end":{"line":37,"column":16}},"14":{"start":{"line":41,"column":4},"end":{"line":41,"column":50}},"15":{"start":{"line":43,"column":15},"end":{"line":43,"column":32}},"16":{"start":{"line":44,"column":19},"end":{"line":44,"column":83}},"17":{"start":{"line":45,"column":4},"end":{"line":45,"column":20}},"18":{"start":{"line":46,"column":4},"end":{"line":52,"column":5}},"19":{"start":{"line":47,"column":8},"end":{"line":47,"column":71}},"20":{"start":{"line":48,"column":8},"end":{"line":48,"column":20}},"21":{"start":{"line":50,"column":8},"end":{"line":50,"column":67}},"22":{"start":{"line":51,"column":8},"end":{"line":51,"column":21}},"23":{"start":{"line":56,"column":15},"end":{"line":56,"column":32}},"24":{"start":{"line":58,"column":19},"end":{"line":61,"column":5}},"25":{"start":{"line":63,"column":4},"end":{"line":63,"column":32}},"26":{"start":{"line":67,"column":15},"end":{"line":67,"column":32}},"27":{"start":{"line":69,"column":19},"end":{"line":72,"column":5}},"28":{"start":{"line":74,"column":4},"end":{"line":74,"column":32}},"29":{"start":{"line":78,"column":15},"end":{"line":78,"column":32}},"30":{"start":{"line":80,"column":19},"end":{"line":83,"column":5}},"31":{"start":{"line":85,"column":4},"end":{"line":85,"column":32}}},"fnMap":{"0":{"name":"readBooks","decl":{"start":{"line":8,"column":22},"end":{"line":8,"column":31}},"loc":{"start":{"line":8,"column":33},"end":{"line":12,"column":1}},"line":8},"1":{"name":"getBookByKeyword","decl":{"start":{"line":15,"column":22},"end":{"line":15,"column":38}},"loc":{"start":{"line":15,"column":45},"end":{"line":25,"column":1}},"line":15},"2":{"name":"createBook","decl":{"start":{"line":27,"column":22},"end":{"line":27,"column":32}},"loc":{"start":{"line":27,"column":38},"end":{"line":32,"column":1}},"line":27},"3":{"name":"getBookById","decl":{"start":{"line":34,"column":22},"end":{"line":34,"column":33}},"loc":{"start":{"line":34,"column":37},"end":{"line":38,"column":1}},"line":34},"4":{"name":"deleteBooks","decl":{"start":{"line":40,"column":22},"end":{"line":40,"column":33}},"loc":{"start":{"line":40,"column":37},"end":{"line":53,"column":1}},"line":40},"5":{"name":"updateBook","decl":{"start":{"line":55,"column":22},"end":{"line":55,"column":32}},"loc":{"start":{"line":55,"column":64},"end":{"line":64,"column":1}},"line":55},"6":{"name":"incrementLikes","decl":{"start":{"line":66,"column":22},"end":{"line":66,"column":36}},"loc":{"start":{"line":66,"column":50},"end":{"line":75,"column":1}},"line":66},"7":{"name":"incrementDownloads","decl":{"start":{"line":77,"column":22},"end":{"line":77,"column":40}},"loc":{"start":{"line":77,"column":46},"end":{"line":86,"column":1}},"line":77}},"branchMap":{"0":{"loc":{"start":{"line":46,"column":4},"end":{"line":52,"column":5}},"type":"if","locations":[{"start":{"line":46,"column":4},"end":{"line":52,"column":5}},{"start":{"line":49,"column":9},"end":{"line":52,"column":5}}],"line":46}},"s":{"0":0,"1":0,"2":0,"3":0,"4":0,"5":0,"6":0,"7":0,"8":0,"9":0,"10":0,"11":1,"12":1,"13":1,"14":0,"15":0,"16":0,"17":0,"18":0,"19":0,"20":0,"21":0,"22":0,"23":0,"24":0,"25":0,"26":0,"27":0,"28":0,"29":1,"30":1,"31":1},"f":{"0":0,"1":0,"2":0,"3":1,"4":0,"5":0,"6":0,"7":1},"b":{"0":[0,0]},"inputSourceMap":null,"_coverageSchema":"1a1c01bbd47fc00a2c39e90264f33305004495a9","hash":"c941a1b91e3b68d05f6985c98857f311ea41bbb8"}
,"D:\\COSC 360 Assignments\\FInd-Anything\\backend\\src\\modules\\books\\books.controller.js": {"path":"D:\\COSC 360 Assignments\\FInd-Anything\\backend\\src\\modules\\books\\books.controller.js","statementMap":{"0":{"start":{"line":6,"column":4},"end":{"line":6,"column":20}},"1":{"start":{"line":7,"column":17},"end":{"line":7,"column":48}},"2":{"start":{"line":8,"column":4},"end":{"line":8,"column":19}},"3":{"start":{"line":9,"column":4},"end":{"line":9,"column":11}},"4":{"start":{"line":12,"column":4},"end":{"line":19,"column":5}},"5":{"start":{"line":13,"column":26},"end":{"line":13,"column":36}},"6":{"start":{"line":14,"column":23},"end":{"line":14,"column":64}},"7":{"start":{"line":15,"column":8},"end":{"line":15,"column":44}},"8":{"start":{"line":18,"column":8},"end":{"line":18,"column":60}},"9":{"start":{"line":23,"column":17},"end":{"line":23,"column":27}},"10":{"start":{"line":24,"column":40},"end":{"line":24,"column":48}},"11":{"start":{"line":26,"column":19},"end":{"line":26,"column":78}},"12":{"start":{"line":27,"column":4},"end":{"line":27,"column":21}},"13":{"start":{"line":31,"column":4},"end":{"line":63,"column":5}},"14":{"start":{"line":32,"column":22},"end":{"line":32,"column":65}},"15":{"start":{"line":33,"column":24},"end":{"line":33,"column":65}},"16":{"start":{"line":35,"column":8},"end":{"line":35,"column":49}},"17":{"start":{"line":38,"column":25},"end":{"line":38,"column":46}},"18":{"start":{"line":39,"column":44},"end":{"line":39,"column":52}},"19":{"start":{"line":40,"column":21},"end":{"line":40,"column":29}},"20":{"start":{"line":42,"column":8},"end":{"line":42,"column":90}},"21":{"start":{"line":43,"column":8},"end":{"line":43,"column":49}},"22":{"start":{"line":44,"column":8},"end":{"line":44,"column":109}},"23":{"start":{"line":48,"column":44},"end":{"line":48,"column":52}},"24":{"start":{"line":49,"column":21},"end":{"line":49,"column":29}},"25":{"start":{"line":51,"column":8},"end":{"line":53,"column":9}},"26":{"start":{"line":52,"column":12},"end":{"line":52,"column":75}},"27":{"start":{"line":54,"column":8},"end":{"line":55,"column":70}},"28":{"start":{"line":55,"column":12},"end":{"line":55,"column":70}},"29":{"start":{"line":56,"column":8},"end":{"line":57,"column":70}},"30":{"start":{"line":57,"column":12},"end":{"line":57,"column":70}},"31":{"start":{"line":58,"column":8},"end":{"line":59,"column":72}},"32":{"start":{"line":59,"column":12},"end":{"line":59,"column":72}},"33":{"start":{"line":60,"column":8},"end":{"line":61,"column":77}},"34":{"start":{"line":61,"column":12},"end":{"line":61,"column":77}},"35":{"start":{"line":62,"column":8},"end":{"line":62,"column":57}},"36":{"start":{"line":68,"column":4},"end":{"line":68,"column":43}},"37":{"start":{"line":69,"column":17},"end":{"line":69,"column":27}},"38":{"start":{"line":70,"column":21},"end":{"line":70,"column":54}},"39":{"start":{"line":71,"column":4},"end":{"line":79,"column":5}},"40":{"start":{"line":72,"column":8},"end":{"line":72,"column":24}},"41":{"start":{"line":73,"column":8},"end":{"line":73,"column":19}},"42":{"start":{"line":75,"column":8},"end":{"line":75,"column":24}},"43":{"start":{"line":76,"column":8},"end":{"line":78,"column":11}},"44":{"start":{"line":83,"column":4},"end":{"line":105,"column":5}},"45":{"start":{"line":84,"column":21},"end":{"line":84,"column":31}},"46":{"start":{"line":85,"column":21},"end":{"line":85,"column":58}},"47":{"start":{"line":86,"column":8},"end":{"line":86,"column":75}},"48":{"start":{"line":86,"column":18},"end":{"line":86,"column":75}},"49":{"start":{"line":88,"column":25},"end":{"line":88,"column":38}},"50":{"start":{"line":89,"column":8},"end":{"line":89,"column":81}},"51":{"start":{"line":89,"column":22},"end":{"line":89,"column":81}},"52":{"start":{"line":92,"column":8},"end":{"line":100,"column":11}},"53":{"start":{"line":93,"column":12},"end":{"line":99,"column":13}},"54":{"start":{"line":94,"column":16},"end":{"line":94,"column":53}},"55":{"start":{"line":98,"column":16},"end":{"line":98,"column":80}},"56":{"start":{"line":98,"column":62},"end":{"line":98,"column":78}},"57":{"start":{"line":103,"column":8},"end":{"line":103,"column":25}},"58":{"start":{"line":104,"column":8},"end":{"line":104,"column":58}}},"fnMap":{"0":{"name":"getAllBooks","decl":{"start":{"line":5,"column":22},"end":{"line":5,"column":33}},"loc":{"start":{"line":5,"column":49},"end":{"line":10,"column":1}},"line":5},"1":{"name":"getBookByKeyword","decl":{"start":{"line":11,"column":22},"end":{"line":11,"column":38}},"loc":{"start":{"line":11,"column":49},"end":{"line":20,"column":1}},"line":11},"2":{"name":"updateBook","decl":{"start":{"line":22,"column":24},"end":{"line":22,"column":34}},"loc":{"start":{"line":22,"column":45},"end":{"line":28,"column":3}},"line":22},"3":{"name":"createPost","decl":{"start":{"line":30,"column":24},"end":{"line":30,"column":34}},"loc":{"start":{"line":30,"column":44},"end":{"line":65,"column":1}},"line":30},"4":{"name":"deleteBooks","decl":{"start":{"line":67,"column":22},"end":{"line":67,"column":33}},"loc":{"start":{"line":67,"column":43},"end":{"line":80,"column":1}},"line":67},"5":{"name":"downloadBook","decl":{"start":{"line":82,"column":22},"end":{"line":82,"column":34}},"loc":{"start":{"line":82,"column":44},"end":{"line":106,"column":1}},"line":82},"6":{"name":"(anonymous_6)","decl":{"start":{"line":92,"column":31},"end":{"line":92,"column":32}},"loc":{"start":{"line":92,"column":40},"end":{"line":100,"column":9}},"line":92},"7":{"name":"(anonymous_7)","decl":{"start":{"line":98,"column":57},"end":{"line":98,"column":58}},"loc":{"start":{"line":98,"column":62},"end":{"line":98,"column":78}},"line":98}},"branchMap":{"0":{"loc":{"start":{"line":38,"column":25},"end":{"line":38,"column":46}},"type":"binary-expr","locations":[{"start":{"line":38,"column":25},"end":{"line":38,"column":38}},{"start":{"line":38,"column":42},"end":{"line":38,"column":46}}],"line":38},"1":{"loc":{"start":{"line":44,"column":77},"end":{"line":44,"column":106}},"type":"binary-expr","locations":[{"start":{"line":44,"column":77},"end":{"line":44,"column":87}},{"start":{"line":44,"column":91},"end":{"line":44,"column":106}}],"line":44},"2":{"loc":{"start":{"line":51,"column":8},"end":{"line":53,"column":9}},"type":"if","locations":[{"start":{"line":51,"column":8},"end":{"line":53,"column":9}},{"start":{},"end":{}}],"line":51},"3":{"loc":{"start":{"line":54,"column":8},"end":{"line":55,"column":70}},"type":"if","locations":[{"start":{"line":54,"column":8},"end":{"line":55,"column":70}},{"start":{},"end":{}}],"line":54},"4":{"loc":{"start":{"line":56,"column":8},"end":{"line":57,"column":70}},"type":"if","locations":[{"start":{"line":56,"column":8},"end":{"line":57,"column":70}},{"start":{},"end":{}}],"line":56},"5":{"loc":{"start":{"line":58,"column":8},"end":{"line":59,"column":72}},"type":"if","locations":[{"start":{"line":58,"column":8},"end":{"line":59,"column":72}},{"start":{},"end":{}}],"line":58},"6":{"loc":{"start":{"line":60,"column":8},"end":{"line":61,"column":77}},"type":"if","locations":[{"start":{"line":60,"column":8},"end":{"line":61,"column":77}},{"start":{},"end":{}}],"line":60},"7":{"loc":{"start":{"line":71,"column":4},"end":{"line":79,"column":5}},"type":"if","locations":[{"start":{"line":71,"column":4},"end":{"line":79,"column":5}},{"start":{"line":74,"column":9},"end":{"line":79,"column":5}}],"line":71},"8":{"loc":{"start":{"line":86,"column":8},"end":{"line":86,"column":75}},"type":"if","locations":[{"start":{"line":86,"column":8},"end":{"line":86,"column":75}},{"start":{},"end":{}}],"line":86},"9":{"loc":{"start":{"line":89,"column":8},"end":{"line":89,"column":81}},"type":"if","locations":[{"start":{"line":89,"column":8},"end":{"line":89,"column":81}},{"start":{},"end":{}}],"line":89},"10":{"loc":{"start":{"line":93,"column":12},"end":{"line":99,"column":13}},"type":"if","locations":[{"start":{"line":93,"column":12},"end":{"line":99,"column":13}},{"start":{"line":96,"column":19},"end":{"line":99,"column":13}}],"line":93}},"s":{"0":0,"1":0,"2":0,"3":0,"4":0,"5":0,"6":0,"7":0,"8":0,"9":0,"10":0,"11":0,"12":0,"13":0,"14":0,"15":0,"16":0,"17":0,"18":0,"19":0,"20":0,"21":0,"22":0,"23":0,"24":0,"25":0,"26":0,"27":0,"28":0,"29":0,"30":0,"31":0,"32":0,"33":0,"34":0,"35":0,"36":0,"37":0,"38":0,"39":0,"40":0,"41":0,"42":0,"43":0,"44":1,"45":1,"46":1,"47":1,"48":0,"49":1,"50":1,"51":0,"52":1,"53":1,"54":0,"55":1,"56":0,"57":0,"58":0},"f":{"0":0,"1":0,"2":0,"3":0,"4":0,"5":1,"6":1,"7":0},"b":{"0":[0,0],"1":[0,0],"2":[0,0],"3":[0,0],"4":[0,0],"5":[0,0],"6":[0,0],"7":[0,0],"8":[0,1],"9":[0,1],"10":[0,1]},"inputSourceMap":null,"_coverageSchema":"1a1c01bbd47fc00a2c39e90264f33305004495a9","hash":"e9d8eae0cd867cd4c7ff0fcbaeb8c7a0484e0265"}
,"D:\\COSC 360 Assignments\\FInd-Anything\\backend\\src\\modules\\books\\books.routes.js": {"path":"D:\\COSC 360 Assignments\\FInd-Anything\\backend\\src\\modules\\books\\books.routes.js","statementMap":{"0":{"start":{"line":5,"column":26},"end":{"line":5,"column":34}},"1":{"start":{"line":13,"column":0},"end":{"line":13,"column":48}},"2":{"start":{"line":14,"column":0},"end":{"line":14,"column":88}},"3":{"start":{"line":15,"column":0},"end":{"line":15,"column":71}},"4":{"start":{"line":16,"column":0},"end":{"line":16,"column":58}},"5":{"start":{"line":17,"column":0},"end":{"line":17,"column":58}},"6":{"start":{"line":18,"column":0},"end":{"line":18,"column":61}}},"fnMap":{},"branchMap":{},"s":{"0":1,"1":1,"2":1,"3":1,"4":1,"5":1,"6":1},"f":{},"b":{},"inputSourceMap":null,"_coverageSchema":"1a1c01bbd47fc00a2c39e90264f33305004495a9","hash":"f3d0a10a00a47d9a430f0459e75b2c5c806ea5b8"}
,"D:\\COSC 360 Assignments\\FInd-Anything\\backend\\src\\modules\\books\\books.service.js": {"path":"D:\\COSC 360 Assignments\\FInd-Anything\\backend\\src\\modules\\books\\books.service.js","statementMap":{"0":{"start":{"line":8,"column":18},"end":{"line":8,"column":44}},"1":{"start":{"line":9,"column":4},"end":{"line":13,"column":7}},"2":{"start":{"line":10,"column":8},"end":{"line":12,"column":9}},"3":{"start":{"line":11,"column":12},"end":{"line":11,"column":39}},"4":{"start":{"line":14,"column":4},"end":{"line":14,"column":17}},"5":{"start":{"line":18,"column":18},"end":{"line":18,"column":50}},"6":{"start":{"line":19,"column":4},"end":{"line":19,"column":16}},"7":{"start":{"line":22,"column":21},"end":{"line":22,"column":45}},"8":{"start":{"line":23,"column":4},"end":{"line":23,"column":20}},"9":{"start":{"line":28,"column":4},"end":{"line":28,"column":68}},"10":{"start":{"line":32,"column":20},"end":{"line":32,"column":60}},"11":{"start":{"line":34,"column":4},"end":{"line":34,"column":24}},"12":{"start":{"line":36,"column":17},"end":{"line":47,"column":5}},"13":{"start":{"line":49,"column":4},"end":{"line":49,"column":43}},"14":{"start":{"line":55,"column":4},"end":{"line":55,"column":42}},"15":{"start":{"line":59,"column":4},"end":{"line":59,"column":49}}},"fnMap":{"0":{"name":"getAllBooks","decl":{"start":{"line":7,"column":15},"end":{"line":7,"column":26}},"loc":{"start":{"line":7,"column":28},"end":{"line":15,"column":1}},"line":7},"1":{"name":"(anonymous_1)","decl":{"start":{"line":9,"column":18},"end":{"line":9,"column":19}},"loc":{"start":{"line":9,"column":26},"end":{"line":13,"column":5}},"line":9},"2":{"name":"getBookByKeyword","decl":{"start":{"line":17,"column":9},"end":{"line":17,"column":25}},"loc":{"start":{"line":17,"column":32},"end":{"line":20,"column":1}},"line":17},"3":{"name":"deleteBooks","decl":{"start":{"line":21,"column":9},"end":{"line":21,"column":20}},"loc":{"start":{"line":21,"column":24},"end":{"line":24,"column":1}},"line":21},"4":{"name":"updateBook","decl":{"start":{"line":27,"column":15},"end":{"line":27,"column":25}},"loc":{"start":{"line":27,"column":57},"end":{"line":29,"column":1}},"line":27},"5":{"name":"addBook","decl":{"start":{"line":31,"column":15},"end":{"line":31,"column":22}},"loc":{"start":{"line":31,"column":73},"end":{"line":50,"column":1}},"line":31},"6":{"name":"getBookFileById","decl":{"start":{"line":54,"column":15},"end":{"line":54,"column":30}},"loc":{"start":{"line":54,"column":34},"end":{"line":56,"column":1}},"line":54},"7":{"name":"incrementDownloads","decl":{"start":{"line":58,"column":15},"end":{"line":58,"column":33}},"loc":{"start":{"line":58,"column":37},"end":{"line":60,"column":1}},"line":58}},"branchMap":{"0":{"loc":{"start":{"line":10,"column":8},"end":{"line":12,"column":9}},"type":"if","locations":[{"start":{"line":10,"column":8},"end":{"line":12,"column":9}},{"start":{},"end":{}}],"line":10},"1":{"loc":{"start":{"line":10,"column":11},"end":{"line":10,"column":37}},"type":"binary-expr","locations":[{"start":{"line":10,"column":11},"end":{"line":10,"column":21}},{"start":{"line":10,"column":25},"end":{"line":10,"column":37}}],"line":10},"2":{"loc":{"start":{"line":32,"column":20},"end":{"line":32,"column":60}},"type":"cond-expr","locations":[{"start":{"line":32,"column":32},"end":{"line":32,"column":53}},{"start":{"line":32,"column":56},"end":{"line":32,"column":60}}],"line":32},"3":{"loc":{"start":{"line":41,"column":18},"end":{"line":41,"column":45}},"type":"binary-expr","locations":[{"start":{"line":41,"column":18},"end":{"line":41,"column":27}},{"start":{"line":41,"column":31},"end":{"line":41,"column":45}}],"line":41},"4":{"loc":{"start":{"line":42,"column":15},"end":{"line":42,"column":80}},"type":"cond-expr","locations":[{"start":{"line":42,"column":27},"end":{"line":42,"column":73}},{"start":{"line":42,"column":76},"end":{"line":42,"column":80}}],"line":42}},"s":{"0":1,"1":1,"2":2,"3":1,"4":1,"5":1,"6":1,"7":1,"8":1,"9":1,"10":2,"11":2,"12":2,"13":2,"14":1,"15":1},"f":{"0":1,"1":2,"2":1,"3":1,"4":1,"5":2,"6":1,"7":1},"b":{"0":[1,1],"1":[2,1],"2":[1,1],"3":[2,1],"4":[1,1]},"inputSourceMap":null,"_coverageSchema":"1a1c01bbd47fc00a2c39e90264f33305004495a9","hash":"68f2c7214ed3fa56ac03d7774fc74b5ba5ed490d"}
,"D:\\COSC 360 Assignments\\FInd-Anything\\backend\\src\\modules\\books\\domain\\types\\Books.js": {"path":"D:\\COSC 360 Assignments\\FInd-Anything\\backend\\src\\modules\\books\\domain\\types\\Books.js","statementMap":{"0":{"start":{"line":3,"column":19},"end":{"line":18,"column":2}},"1":{"start":{"line":19,"column":13},"end":{"line":19,"column":46}}},"fnMap":{},"branchMap":{},"s":{"0":2,"1":2},"f":{},"b":{},"inputSourceMap":null,"_coverageSchema":"1a1c01bbd47fc00a2c39e90264f33305004495a9","hash":"240fc737fbca8d878149d808fbbcb8e1a58036ec"}
,"D:\\COSC 360 Assignments\\FInd-Anything\\backend\\src\\modules\\registration\\registration.controller.js": {"path":"D:\\COSC 360 Assignments\\FInd-Anything\\backend\\src\\modules\\registration\\registration.controller.js","statementMap":{"0":{"start":{"line":9,"column":4},"end":{"line":42,"column":5}},"1":{"start":{"line":10,"column":22},"end":{"line":10,"column":36}},"2":{"start":{"line":11,"column":25},"end":{"line":11,"column":42}},"3":{"start":{"line":12,"column":25},"end":{"line":12,"column":42}},"4":{"start":{"line":13,"column":32},"end":{"line":13,"column":56}},"5":{"start":{"line":14,"column":31},"end":{"line":14,"column":87}},"6":{"start":{"line":15,"column":28},"end":{"line":15,"column":59}},"7":{"start":{"line":17,"column":8},"end":{"line":18,"column":52}},"8":{"start":{"line":18,"column":12},"end":{"line":18,"column":52}},"9":{"start":{"line":20,"column":8},"end":{"line":21,"column":55}},"10":{"start":{"line":21,"column":12},"end":{"line":21,"column":55}},"11":{"start":{"line":23,"column":8},"end":{"line":24,"column":54}},"12":{"start":{"line":24,"column":12},"end":{"line":24,"column":54}},"13":{"start":{"line":26,"column":31},"end":{"line":26,"column":62}},"14":{"start":{"line":28,"column":8},"end":{"line":29,"column":43}},"15":{"start":{"line":29,"column":12},"end":{"line":29,"column":43}},"16":{"start":{"line":31,"column":26},"end":{"line":31,"column":59}},"17":{"start":{"line":32,"column":24},"end":{"line":32,"column":41}},"18":{"start":{"line":37,"column":24},"end":{"line":37,"column":116}},"19":{"start":{"line":38,"column":8},"end":{"line":38,"column":46}},"20":{"start":{"line":41,"column":8},"end":{"line":41,"column":55}}},"fnMap":{"0":{"name":"createAccount","decl":{"start":{"line":7,"column":22},"end":{"line":7,"column":35}},"loc":{"start":{"line":8,"column":0},"end":{"line":44,"column":1}},"line":8}},"branchMap":{"0":{"loc":{"start":{"line":17,"column":8},"end":{"line":18,"column":52}},"type":"if","locations":[{"start":{"line":17,"column":8},"end":{"line":18,"column":52}},{"start":{},"end":{}}],"line":17},"1":{"loc":{"start":{"line":20,"column":8},"end":{"line":21,"column":55}},"type":"if","locations":[{"start":{"line":20,"column":8},"end":{"line":21,"column":55}},{"start":{},"end":{}}],"line":20},"2":{"loc":{"start":{"line":23,"column":8},"end":{"line":24,"column":54}},"type":"if","locations":[{"start":{"line":23,"column":8},"end":{"line":24,"column":54}},{"start":{},"end":{}}],"line":23},"3":{"loc":{"start":{"line":28,"column":8},"end":{"line":29,"column":43}},"type":"if","locations":[{"start":{"line":28,"column":8},"end":{"line":29,"column":43}},{"start":{},"end":{}}],"line":28},"4":{"loc":{"start":{"line":31,"column":26},"end":{"line":31,"column":59}},"type":"cond-expr","locations":[{"start":{"line":31,"column":37},"end":{"line":31,"column":52}},{"start":{"line":31,"column":55},"end":{"line":31,"column":59}}],"line":31}},"s":{"0":0,"1":0,"2":0,"3":0,"4":0,"5":0,"6":0,"7":0,"8":0,"9":0,"10":0,"11":0,"12":0,"13":0,"14":0,"15":0,"16":0,"17":0,"18":0,"19":0,"20":0},"f":{"0":0},"b":{"0":[0,0],"1":[0,0],"2":[0,0],"3":[0,0],"4":[0,0]},"inputSourceMap":null,"_coverageSchema":"1a1c01bbd47fc00a2c39e90264f33305004495a9","hash":"8f7f3b1633a4fa4255a5535222d3f3c7a2050797"}
,"D:\\COSC 360 Assignments\\FInd-Anything\\backend\\src\\modules\\registration\\registration.repository.js": {"path":"D:\\COSC 360 Assignments\\FInd-Anything\\backend\\src\\modules\\registration\\registration.repository.js","statementMap":{"0":{"start":{"line":4,"column":13},"end":{"line":4,"column":30}},"1":{"start":{"line":6,"column":27},"end":{"line":6,"column":85}},"2":{"start":{"line":8,"column":4},"end":{"line":9,"column":50}},"3":{"start":{"line":9,"column":8},"end":{"line":9,"column":50}},"4":{"start":{"line":12,"column":19},"end":{"line":19,"column":6}},"5":{"start":{"line":21,"column":4},"end":{"line":21,"column":29}}},"fnMap":{"0":{"name":"createAccount","decl":{"start":{"line":3,"column":22},"end":{"line":3,"column":35}},"loc":{"start":{"line":3,"column":82},"end":{"line":22,"column":1}},"line":3},"1":{"name":"updateAccount","decl":{"start":{"line":25,"column":9},"end":{"line":25,"column":22}},"loc":{"start":{"line":25,"column":24},"end":{"line":27,"column":1}},"line":25},"2":{"name":"deleteAccount","decl":{"start":{"line":29,"column":9},"end":{"line":29,"column":22}},"loc":{"start":{"line":29,"column":24},"end":{"line":31,"column":1}},"line":29}},"branchMap":{"0":{"loc":{"start":{"line":8,"column":4},"end":{"line":9,"column":50}},"type":"if","locations":[{"start":{"line":8,"column":4},"end":{"line":9,"column":50}},{"start":{},"end":{}}],"line":8}},"s":{"0":0,"1":0,"2":0,"3":0,"4":0,"5":0},"f":{"0":0,"1":0,"2":0},"b":{"0":[0,0]},"inputSourceMap":null,"_coverageSchema":"1a1c01bbd47fc00a2c39e90264f33305004495a9","hash":"727009af6d439df3d5fba065e06c1fe8e4eccb28"}
,"D:\\COSC 360 Assignments\\FInd-Anything\\backend\\src\\modules\\registration\\registration.routes.js": {"path":"D:\\COSC 360 Assignments\\FInd-Anything\\backend\\src\\modules\\registration\\registration.routes.js","statementMap":{"0":{"start":{"line":9,"column":34},"end":{"line":9,"column":42}},"1":{"start":{"line":10,"column":16},"end":{"line":10,"column":38}},"2":{"start":{"line":11,"column":15},"end":{"line":11,"column":34}},"3":{"start":{"line":15,"column":0},"end":{"line":15,"column":90}}},"fnMap":{},"branchMap":{},"s":{"0":1,"1":1,"2":1,"3":1},"f":{},"b":{},"inputSourceMap":null,"_coverageSchema":"1a1c01bbd47fc00a2c39e90264f33305004495a9","hash":"7559f9cb32f6f03c51b4cfcd79d75744291b749a"}
,"D:\\COSC 360 Assignments\\FInd-Anything\\backend\\src\\modules\\registration\\registration.service.js": {"path":"D:\\COSC 360 Assignments\\FInd-Anything\\backend\\src\\modules\\registration\\registration.service.js","statementMap":{"0":{"start":{"line":6,"column":4},"end":{"line":6,"column":95}}},"fnMap":{"0":{"name":"createAccount","decl":{"start":{"line":4,"column":22},"end":{"line":4,"column":35}},"loc":{"start":{"line":5,"column":0},"end":{"line":7,"column":1}},"line":5}},"branchMap":{},"s":{"0":0},"f":{"0":0},"b":{},"inputSourceMap":null,"_coverageSchema":"1a1c01bbd47fc00a2c39e90264f33305004495a9","hash":"c5a69a8b4383e60e85cb2976c9c5220a0d648f14"}
}
