TN:
SF:src\constants.js
FNF:0
FNH:0
DA:4,1
DA:5,1
DA:7,1
DA:8,1
LF:4
LH:4
BRF:0
BRH:0
end_of_record
TN:
SF:src\db_connection.js
FN:8,connectDB
FN:27,closeDB
FNF:2
FNH:2
FNDA:3,connectDB
FNDA:1,closeDB
DA:3,1
DA:10,3
DA:11,3
DA:12,1
DA:13,1
DA:14,1
DA:15,1
DA:16,1
DA:17,1
DA:19,3
DA:22,0
DA:23,0
DA:28,1
DA:29,1
DA:30,1
DA:33,0
DA:35,1
DA:36,1
LF:18
LH:15
BRDA:11,0,0,1
BRDA:11,0,1,2
BRDA:13,1,0,0
BRDA:13,1,1,1
BRDA:17,2,0,1
BRDA:17,2,1,1
BRDA:29,3,0,1
BRDA:29,3,1,0
BRF:8
BRH:6
end_of_record
TN:
SF:src\index.js
FN:9,createApp
FN:19,(anonymous_1)
FN:33,(anonymous_2)
FN:43,(anonymous_3)
FN:46,(anonymous_4)
FNF:5
FNH:1
FNDA:1,createApp
FNDA:0,(anonymous_1)
FNDA:0,(anonymous_2)
FNDA:0,(anonymous_3)
FNDA:0,(anonymous_4)
DA:10,1
DA:11,1
DA:17,1
DA:19,1
DA:20,0
DA:24,1
DA:27,1
DA:30,1
DA:33,1
DA:34,0
DA:37,1
DA:41,1
DA:42,0
DA:43,0
DA:44,0
DA:45,0
DA:46,0
DA:47,0
LF:18
LH:10
BRDA:41,0,0,0
BRDA:41,0,1,1
BRDA:42,1,0,0
BRDA:42,1,1,0
BRF:4
BRH:1
end_of_record
TN:
SF:src\middleware\Logging.js
FN:4,log
FNF:1
FNH:1
FNDA:7,log
DA:5,7
DA:6,7
DA:7,7
DA:8,7
DA:10,7
DA:12,7
DA:14,2
DA:15,0
DA:17,2
DA:19,2
DA:21,1
DA:22,1
DA:24,1
DA:25,1
DA:27,1
DA:28,1
DA:30,1
DA:31,1
DA:33,1
DA:34,1
DA:36,0
DA:41,7
DA:48,7
LF:23
LH:21
BRDA:12,0,0,2
BRDA:12,0,1,1
BRDA:12,0,2,1
BRDA:12,0,3,1
BRDA:12,0,4,1
BRDA:12,0,5,1
BRDA:12,0,6,0
BRDA:14,1,0,0
BRDA:14,1,1,2
BRF:9
BRH:7
end_of_record
TN:
SF:src\middleware\auth.middleware.js
FN:9,authenticate
FN:52,authenticateAdmin
FN:69,authenticateUser
FN:85,authenticateUserUpdate
FN:99,sendToken
FNF:5
FNH:4
FNDA:7,authenticate
FNDA:1,authenticateAdmin
FNDA:4,authenticateUser
FNDA:3,authenticateUserUpdate
FNDA:0,sendToken
DA:6,2
DA:11,7
DA:13,7
DA:16,7
DA:17,1
DA:18,1
DA:26,6
DA:27,6
DA:28,5
DA:30,5
DA:32,4
DA:36,1
DA:43,1
DA:49,5
DA:56,1
DA:58,1
DA:61,0
DA:62,0
DA:70,4
DA:71,4
DA:72,4
DA:74,3
DA:75,2
DA:77,1
DA:80,1
DA:81,1
DA:86,3
DA:87,3
DA:88,2
DA:91,1
DA:101,0
DA:102,0
DA:103,0
DA:106,0
DA:108,0
DA:112,0
DA:117,0
DA:119,0
DA:120,0
DA:123,0
DA:125,0
DA:126,0
DA:127,0
DA:135,0
DA:142,0
LF:45
LH:28
BRDA:16,0,0,1
BRDA:16,0,1,6
BRDA:30,1,0,4
BRDA:30,1,1,1
BRDA:30,2,0,5
BRDA:30,2,1,4
BRDA:56,3,0,1
BRDA:56,3,1,0
BRDA:74,4,0,2
BRDA:74,4,1,1
BRDA:74,5,0,3
BRDA:74,5,1,1
BRDA:87,6,0,2
BRDA:87,6,1,1
BRDA:87,7,0,3
BRDA:87,7,1,2
BRDA:106,8,0,0
BRDA:106,8,1,0
BRDA:106,9,0,0
BRDA:106,9,1,0
BRDA:119,10,0,0
BRDA:119,10,1,0
BRDA:123,11,0,0
BRDA:123,11,1,0
BRF:24
BRH:15
end_of_record
TN:
SF:src\middleware\books.middleware.js
FN:17,fileFilter
FNF:1
FNH:0
FNDA:0,fileFilter
DA:6,2
DA:7,2
DA:10,2
DA:11,0
DA:15,2
DA:18,0
DA:19,0
DA:20,0
DA:21,0
DA:22,0
DA:23,0
DA:26,0
DA:27,0
DA:28,0
DA:29,0
DA:30,0
DA:31,0
DA:34,0
DA:37,2
LF:19
LH:5
BRDA:10,0,0,0
BRDA:10,0,1,2
BRDA:18,1,0,0
BRDA:18,1,1,0
BRDA:22,2,0,0
BRDA:22,2,1,0
BRDA:22,3,0,0
BRDA:22,3,1,0
BRDA:26,4,0,0
BRDA:26,4,1,0
BRDA:30,5,0,0
BRDA:30,5,1,0
BRDA:30,6,0,0
BRDA:30,6,1,0
BRF:14
BRH:1
end_of_record
TN:
SF:src\middleware\uploadValidator.js
FN:7,(anonymous_0)
FN:37,(anonymous_1)
FN:44,(anonymous_2)
FNF:3
FNH:1
FNDA:4,(anonymous_0)
FNDA:0,(anonymous_1)
FNDA:0,(anonymous_2)
DA:7,2
DA:8,4
DA:9,4
DA:10,4
DA:11,2
DA:13,2
DA:14,2
DA:15,2
DA:16,2
DA:19,2
DA:20,2
DA:26,2
DA:27,1
DA:32,2
DA:37,2
DA:38,0
DA:39,0
DA:44,0
DA:45,0
DA:46,0
DA:49,0
DA:50,0
DA:53,0
DA:54,0
DA:57,0
DA:58,0
DA:59,0
DA:61,0
DA:62,0
DA:63,0
DA:66,0
DA:67,0
DA:69,0
DA:70,0
DA:73,0
DA:74,0
DA:80,0
DA:81,0
LF:38
LH:15
BRDA:10,0,0,2
BRDA:10,0,1,2
BRDA:26,1,0,1
BRDA:26,1,1,1
BRDA:45,2,0,0
BRDA:45,2,1,0
BRDA:49,3,0,0
BRDA:49,3,1,0
BRDA:54,4,0,0
BRDA:54,4,1,0
BRDA:59,5,0,0
BRDA:59,5,1,0
BRDA:73,6,0,0
BRDA:73,6,1,0
BRF:14
BRH:4
end_of_record
TN:
SF:src\modules\auth\auth.controller.js
FN:4,getAllUsers
FN:11,getUserById
FN:18,getUserByEmail
FN:31,deleteUsers
FN:47,updateUser
FN:82,getLogs
FN:99,getAllLogs
FNF:7
FNH:7
FNDA:3,getAllUsers
FNDA:3,getUserById
FNDA:3,getUserByEmail
FNDA:3,deleteUsers
FNDA:7,updateUser
FNDA:4,getLogs
FNDA:5,getAllLogs
DA:5,3
DA:7,3
DA:8,2
DA:12,3
DA:13,3
DA:14,3
DA:15,3
DA:19,3
DA:20,3
DA:21,3
DA:22,2
DA:23,2
DA:25,1
DA:28,3
DA:32,3
DA:33,3
DA:34,3
DA:35,1
DA:36,1
DA:39,2
DA:40,2
DA:49,7
DA:50,7
DA:51,7
DA:52,7
DA:53,7
DA:54,7
DA:55,7
DA:56,7
DA:58,7
DA:59,1
DA:61,6
DA:62,1
DA:64,5
DA:65,1
DA:67,4
DA:68,2
DA:69,4
DA:70,4
DA:72,4
DA:74,4
DA:77,3
DA:83,4
DA:84,4
DA:86,4
DA:87,3
DA:88,1
DA:89,1
DA:91,3
DA:92,3
DA:95,1
DA:100,5
DA:101,5
DA:102,4
DA:103,1
DA:104,1
DA:106,4
DA:107,4
DA:110,1
LF:59
LH:59
BRDA:21,0,0,2
BRDA:21,0,1,1
BRDA:34,1,0,1
BRDA:34,1,1,2
BRDA:58,2,0,1
BRDA:58,2,1,6
BRDA:61,3,0,1
BRDA:61,3,1,5
BRDA:61,4,0,6
BRDA:61,4,1,4
BRDA:64,5,0,1
BRDA:64,5,1,4
BRDA:67,6,0,2
BRDA:67,6,1,2
BRDA:69,7,0,1
BRDA:69,7,1,3
BRDA:70,8,0,1
BRDA:70,8,1,3
BRDA:87,9,0,1
BRDA:87,9,1,2
BRDA:102,10,0,1
BRDA:102,10,1,3
BRF:22
BRH:22
end_of_record
TN:
SF:src\modules\auth\auth.repository.js
FN:9,getUser
FN:16,getUserById
FN:24,getAllUsers
FN:31,deleteUsers
FN:44,updateUser
FN:55,(anonymous_5)
FN:79,getLogs
FN:94,getAllLogs
FNF:8
FNH:0
FNDA:0,getUser
FNDA:0,getUserById
FNDA:0,getAllUsers
FNDA:0,deleteUsers
FNDA:0,updateUser
FNDA:0,(anonymous_5)
FNDA:0,getLogs
FNDA:0,getAllLogs
DA:7,1
DA:10,0
DA:11,0
DA:13,0
DA:17,0
DA:18,0
DA:19,0
DA:20,0
DA:21,0
DA:26,0
DA:27,0
DA:28,0
DA:32,0
DA:33,0
DA:34,0
DA:35,0
DA:36,0
DA:37,0
DA:39,0
DA:40,0
DA:45,0
DA:46,0
DA:47,0
DA:48,0
DA:49,0
DA:50,0
DA:51,0
DA:54,0
DA:55,0
DA:56,0
DA:57,0
DA:60,0
DA:68,0
DA:74,0
DA:76,0
DA:80,0
DA:81,0
DA:87,0
DA:88,0
DA:89,0
DA:91,0
DA:95,0
DA:96,0
DA:97,0
DA:98,0
DA:99,0
DA:101,0
LF:47
LH:1
BRDA:19,0,0,0
BRDA:19,0,1,0
BRDA:35,1,0,0
BRDA:35,1,1,0
BRDA:47,2,0,0
BRDA:47,2,1,0
BRDA:48,3,0,0
BRDA:48,3,1,0
BRDA:49,4,0,0
BRDA:49,4,1,0
BRDA:50,5,0,0
BRDA:50,5,1,0
BRDA:51,6,0,0
BRDA:51,6,1,0
BRDA:56,7,0,0
BRDA:56,7,1,0
BRDA:87,8,0,0
BRDA:87,8,1,0
BRDA:97,9,0,0
BRDA:97,9,1,0
BRF:20
BRH:0
end_of_record
TN:
SF:src\modules\auth\auth.routes.js
FNF:0
FNH:0
DA:6,1
DA:10,1
DA:11,1
DA:20,1
DA:22,1
DA:23,1
DA:24,1
DA:25,1
DA:26,1
DA:27,1
LF:10
LH:10
BRF:0
BRH:0
end_of_record
TN:
SF:src\modules\auth\auth.services.js
FN:3,getAllUsers
FN:9,getUserByEmail
FN:22,getUserById
FN:27,deleteUsers
FN:31,updateUser
FN:36,getLogs
FN:40,getAllLogs
FNF:7
FNH:7
FNDA:2,getAllUsers
FNDA:4,getUserByEmail
FNDA:3,getUserById
FNDA:3,deleteUsers
FNDA:4,updateUser
FNDA:7,getLogs
FNDA:4,getAllLogs
DA:5,2
DA:6,2
DA:11,4
DA:12,4
DA:14,2
DA:18,2
DA:24,3
DA:28,3
DA:33,4
DA:37,7
DA:41,4
LF:11
LH:11
BRDA:12,0,0,2
BRDA:12,0,1,2
BRF:2
BRH:2
end_of_record
TN:
SF:src\modules\books\book.repository.js
FN:8,readBooks
FN:15,getBookByKeyword
FN:27,createBook
FN:34,getBookById
FN:40,deleteBooks
FN:55,updateBook
FN:66,incrementLikes
FN:77,incrementDownloads
FN:88,createComment
FN:103,getComments
FNF:10
FNH:2
FNDA:0,readBooks
FNDA:0,getBookByKeyword
FNDA:0,createBook
FNDA:1,getBookById
FNDA:0,deleteBooks
FNDA:0,updateBook
FNDA:0,incrementLikes
FNDA:1,incrementDownloads
FNDA:0,createComment
FNDA:0,getComments
DA:9,0
DA:10,0
DA:11,0
DA:16,0
DA:17,0
DA:22,0
DA:24,0
DA:28,0
DA:29,0
DA:30,0
DA:31,0
DA:35,1
DA:36,1
DA:37,1
DA:41,0
DA:43,0
DA:44,0
DA:45,0
DA:46,0
DA:47,0
DA:48,0
DA:50,0
DA:51,0
DA:56,0
DA:58,0
DA:63,0
DA:67,0
DA:69,0
DA:74,0
DA:78,1
DA:80,1
DA:85,1
DA:89,0
DA:90,0
DA:97,0
DA:98,0
DA:99,0
DA:100,0
DA:104,0
DA:105,0
DA:106,0
DA:107,0
LF:42
LH:6
BRDA:46,0,0,0
BRDA:46,0,1,0
BRF:2
BRH:0
end_of_record
TN:
SF:src\modules\books\books.controller.js
FN:5,getAllBooks
FN:11,getBookByKeyword
FN:22,updateBook
FN:30,createPost
FN:67,deleteBooks
FN:82,downloadBook
FN:92,(anonymous_6)
FN:98,(anonymous_7)
FN:109,createComment
FN:140,getComments
FNF:10
FNH:2
FNDA:0,getAllBooks
FNDA:0,getBookByKeyword
FNDA:0,updateBook
FNDA:0,createPost
FNDA:0,deleteBooks
FNDA:1,downloadBook
FNDA:1,(anonymous_6)
FNDA:0,(anonymous_7)
FNDA:0,createComment
FNDA:0,getComments
DA:6,0
DA:7,0
DA:8,0
DA:9,0
DA:12,0
DA:13,0
DA:14,0
DA:15,0
DA:18,0
DA:23,0
DA:24,0
DA:26,0
DA:27,0
DA:31,0
DA:32,0
DA:33,0
DA:35,0
DA:38,0
DA:39,0
DA:40,0
DA:42,0
DA:43,0
DA:44,0
DA:48,0
DA:49,0
DA:51,0
DA:52,0
DA:54,0
DA:55,0
DA:56,0
DA:57,0
DA:58,0
DA:59,0
DA:60,0
DA:61,0
DA:62,0
DA:68,0
DA:69,0
DA:70,0
DA:71,0
DA:72,0
DA:73,0
DA:75,0
DA:76,0
DA:83,1
DA:84,1
DA:85,1
DA:86,1
DA:88,1
DA:89,1
DA:92,1
DA:93,1
DA:94,0
DA:98,1
DA:103,0
DA:104,0
DA:110,0
DA:111,0
DA:113,0
DA:114,0
DA:116,0
DA:117,0
DA:119,0
DA:120,0
DA:121,0
DA:123,0
DA:124,0
DA:125,0
DA:126,0
DA:131,0
DA:133,0
DA:136,0
DA:142,0
DA:143,0
DA:144,0
DA:145,0
DA:149,0
LF:77
LH:9
BRDA:38,0,0,0
BRDA:38,0,1,0
BRDA:44,1,0,0
BRDA:44,1,1,0
BRDA:51,2,0,0
BRDA:51,2,1,0
BRDA:54,3,0,0
BRDA:54,3,1,0
BRDA:56,4,0,0
BRDA:56,4,1,0
BRDA:58,5,0,0
BRDA:58,5,1,0
BRDA:60,6,0,0
BRDA:60,6,1,0
BRDA:71,7,0,0
BRDA:71,7,1,0
BRDA:86,8,0,0
BRDA:86,8,1,1
BRDA:89,9,0,0
BRDA:89,9,1,1
BRDA:93,10,0,0
BRDA:93,10,1,1
BRDA:113,11,0,0
BRDA:113,11,1,0
BRDA:120,12,0,0
BRDA:120,12,1,0
BRF:26
BRH:3
end_of_record
TN:
SF:src\modules\books\books.routes.js
FNF:0
FNH:0
DA:5,1
DA:13,1
DA:14,1
DA:15,1
DA:16,1
DA:17,1
DA:18,1
DA:19,1
DA:20,1
LF:9
LH:9
BRF:0
BRH:0
end_of_record
TN:
SF:src\modules\books\books.service.js
FN:7,getAllBooks
FN:9,(anonymous_1)
FN:17,getBookByKeyword
FN:21,deleteBooks
FN:27,updateBook
FN:31,addBook
FN:52,getBookFileById
FN:56,incrementDownloads
FN:60,createComment
FN:67,getComments
FNF:10
FNH:8
FNDA:1,getAllBooks
FNDA:2,(anonymous_1)
FNDA:1,getBookByKeyword
FNDA:1,deleteBooks
FNDA:1,updateBook
FNDA:2,addBook
FNDA:1,getBookFileById
FNDA:1,incrementDownloads
FNDA:0,createComment
FNDA:0,getComments
DA:8,1
DA:9,1
DA:10,2
DA:11,1
DA:14,1
DA:18,1
DA:19,1
DA:22,1
DA:23,1
DA:28,1
DA:32,2
DA:34,2
DA:36,2
DA:49,2
DA:53,1
DA:57,1
DA:61,0
DA:62,0
DA:64,0
DA:69,0
DA:70,0
DA:72,0
LF:22
LH:16
BRDA:10,0,0,1
BRDA:10,0,1,1
BRDA:10,1,0,2
BRDA:10,1,1,1
BRDA:32,2,0,1
BRDA:32,2,1,1
BRDA:41,3,0,2
BRDA:41,3,1,1
BRDA:42,4,0,1
BRDA:42,4,1,1
BRDA:61,5,0,0
BRDA:61,5,1,0
BRDA:61,6,0,0
BRDA:61,6,1,0
BRDA:61,6,2,0
BRDA:69,7,0,0
BRDA:69,7,1,0
BRF:17
BRH:10
end_of_record
TN:
SF:src\modules\books\domain\types\Books.js
FNF:0
FNH:0
DA:3,2
DA:19,2
LF:2
LH:2
BRF:0
BRH:0
end_of_record
TN:
SF:src\modules\registration\registration.controller.js
FN:7,createAccount
FNF:1
FNH:0
FNDA:0,createAccount
DA:9,0
DA:10,0
DA:11,0
DA:12,0
DA:13,0
DA:14,0
DA:15,0
DA:17,0
DA:18,0
DA:20,0
DA:21,0
DA:23,0
DA:24,0
DA:26,0
DA:28,0
DA:29,0
DA:31,0
DA:32,0
DA:37,0
DA:38,0
DA:41,0
LF:21
LH:0
BRDA:17,0,0,0
BRDA:17,0,1,0
BRDA:20,1,0,0
BRDA:20,1,1,0
BRDA:23,2,0,0
BRDA:23,2,1,0
BRDA:28,3,0,0
BRDA:28,3,1,0
BRDA:31,4,0,0
BRDA:31,4,1,0
BRF:10
BRH:0
end_of_record
TN:
SF:src\modules\registration\registration.repository.js
FN:3,createAccount
FN:25,updateAccount
FN:29,deleteAccount
FNF:3
FNH:0
FNDA:0,createAccount
FNDA:0,updateAccount
FNDA:0,deleteAccount
DA:4,0
DA:6,0
DA:8,0
DA:9,0
DA:12,0
DA:21,0
LF:6
LH:0
BRDA:8,0,0,0
BRDA:8,0,1,0
BRF:2
BRH:0
end_of_record
TN:
SF:src\modules\registration\registration.routes.js
FNF:0
FNH:0
DA:9,1
DA:10,1
DA:11,1
DA:15,1
LF:4
LH:4
BRF:0
BRH:0
end_of_record
TN:
SF:src\modules\registration\registration.service.js
FN:4,createAccount
FNF:1
FNH:0
FNDA:0,createAccount
DA:6,0
LF:1
LH:0
BRF:0
BRH:0
end_of_record
