TN:
SF:src\constants.js
FNF:0
FNH:0
DA:4,1
DA:5,1
DA:7,1
DA:8,1
LF:4
LH:4
BRF:0
BRH:0
end_of_record
TN:
SF:src\db_connection.js
FN:8,connectDB
FN:27,closeDB
FNF:2
FNH:2
FNDA:3,connectDB
FNDA:1,closeDB
DA:3,1
DA:10,3
DA:11,3
DA:12,1
DA:13,1
DA:14,1
DA:15,1
DA:16,1
DA:17,1
DA:19,3
DA:22,0
DA:23,0
DA:28,1
DA:29,1
DA:30,1
DA:33,0
DA:35,1
DA:36,1
LF:18
LH:15
BRDA:11,0,0,1
BRDA:11,0,1,2
BRDA:13,1,0,0
BRDA:13,1,1,1
BRDA:17,2,0,1
BRDA:17,2,1,1
BRDA:29,3,0,1
BRDA:29,3,1,0
BRF:8
BRH:6
end_of_record
TN:
SF:src\index.js
FN:9,createApp
FN:19,(anonymous_1)
FN:33,(anonymous_2)
FN:43,(anonymous_3)
FN:46,(anonymous_4)
FNF:5
FNH:1
FNDA:1,createApp
FNDA:0,(anonymous_1)
FNDA:0,(anonymous_2)
FNDA:0,(anonymous_3)
FNDA:0,(anonymous_4)
DA:10,1
DA:11,1
DA:17,1
DA:19,1
DA:20,0
DA:24,1
DA:27,1
DA:30,1
DA:33,1
DA:34,0
DA:37,1
DA:41,1
DA:42,0
DA:43,0
DA:44,0
DA:45,0
DA:46,0
DA:47,0
LF:18
LH:10
BRDA:41,0,0,0
BRDA:41,0,1,1
BRDA:42,1,0,0
BRDA:42,1,1,0
BRF:4
BRH:1
end_of_record
TN:
SF:src\middleware\Logging.js
FN:4,log
FNF:1
FNH:0
FNDA:0,log
DA:5,0
DA:6,0
DA:7,0
DA:8,0
DA:10,0
DA:12,0
DA:14,0
DA:15,0
DA:17,0
DA:19,0
DA:21,0
DA:22,0
DA:24,0
DA:25,0
DA:27,0
DA:28,0
DA:30,0
DA:31,0
DA:33,0
DA:34,0
DA:36,0
DA:41,0
DA:48,0
LF:23
LH:0
BRDA:12,0,0,0
BRDA:12,0,1,0
BRDA:12,0,2,0
BRDA:12,0,3,0
BRDA:12,0,4,0
BRDA:12,0,5,0
BRDA:12,0,6,0
BRDA:14,1,0,0
BRDA:14,1,1,0
BRF:9
BRH:0
end_of_record
TN:
SF:src\middleware\auth.middleware.js
FN:9,authenticate
FN:52,authenticateAdmin
FN:69,authenticateUser
FN:85,authenticateUserUpdate
FN:99,sendToken
FNF:5
FNH:1
FNDA:1,authenticate
FNDA:0,authenticateAdmin
FNDA:0,authenticateUser
FNDA:0,authenticateUserUpdate
FNDA:0,sendToken
DA:6,1
DA:11,1
DA:13,1
DA:16,1
DA:17,0
DA:18,0
DA:26,1
DA:27,1
DA:28,1
DA:30,1
DA:32,1
DA:36,0
DA:43,0
DA:49,1
DA:56,0
DA:58,0
DA:61,0
DA:62,0
DA:70,0
DA:71,0
DA:72,0
DA:74,0
DA:75,0
DA:77,0
DA:80,0
DA:81,0
DA:86,0
DA:87,0
DA:88,0
DA:91,0
DA:101,0
DA:102,0
DA:103,0
DA:106,0
DA:108,0
DA:112,0
DA:117,0
DA:119,0
DA:120,0
DA:123,0
DA:125,0
DA:126,0
DA:127,0
DA:135,0
DA:142,0
LF:45
LH:10
BRDA:16,0,0,0
BRDA:16,0,1,1
BRDA:30,1,0,1
BRDA:30,1,1,0
BRDA:30,2,0,1
BRDA:30,2,1,1
BRDA:56,3,0,0
BRDA:56,3,1,0
BRDA:74,4,0,0
BRDA:74,4,1,0
BRDA:74,5,0,0
BRDA:74,5,1,0
BRDA:87,6,0,0
BRDA:87,6,1,0
BRDA:87,7,0,0
BRDA:87,7,1,0
BRDA:106,8,0,0
BRDA:106,8,1,0
BRDA:106,9,0,0
BRDA:106,9,1,0
BRDA:119,10,0,0
BRDA:119,10,1,0
BRDA:123,11,0,0
BRDA:123,11,1,0
BRF:24
BRH:4
end_of_record
TN:
SF:src\middleware\books.middleware.js
FN:17,fileFilter
FNF:1
FNH:0
FNDA:0,fileFilter
DA:6,1
DA:7,1
DA:10,1
DA:11,0
DA:15,1
DA:18,0
DA:19,0
DA:20,0
DA:21,0
DA:22,0
DA:23,0
DA:26,0
DA:27,0
DA:28,0
DA:29,0
DA:30,0
DA:31,0
DA:34,0
DA:37,1
LF:19
LH:5
BRDA:10,0,0,0
BRDA:10,0,1,1
BRDA:18,1,0,0
BRDA:18,1,1,0
BRDA:22,2,0,0
BRDA:22,2,1,0
BRDA:22,3,0,0
BRDA:22,3,1,0
BRDA:26,4,0,0
BRDA:26,4,1,0
BRDA:30,5,0,0
BRDA:30,5,1,0
BRDA:30,6,0,0
BRDA:30,6,1,0
BRF:14
BRH:1
end_of_record
TN:
SF:src\middleware\uploadValidator.js
FN:7,(anonymous_0)
FN:37,(anonymous_1)
FN:44,(anonymous_2)
FNF:3
FNH:0
FNDA:0,(anonymous_0)
FNDA:0,(anonymous_1)
FNDA:0,(anonymous_2)
DA:7,1
DA:8,0
DA:9,0
DA:10,0
DA:11,0
DA:13,0
DA:14,0
DA:15,0
DA:16,0
DA:19,0
DA:20,0
DA:26,0
DA:27,0
DA:32,0
DA:37,1
DA:38,0
DA:39,0
DA:44,0
DA:45,0
DA:46,0
DA:49,0
DA:50,0
DA:53,0
DA:54,0
DA:57,0
DA:58,0
DA:59,0
DA:61,0
DA:62,0
DA:63,0
DA:66,0
DA:67,0
DA:69,0
DA:70,0
DA:73,0
DA:74,0
DA:80,0
DA:81,0
LF:38
LH:2
BRDA:10,0,0,0
BRDA:10,0,1,0
BRDA:26,1,0,0
BRDA:26,1,1,0
BRDA:45,2,0,0
BRDA:45,2,1,0
BRDA:49,3,0,0
BRDA:49,3,1,0
BRDA:54,4,0,0
BRDA:54,4,1,0
BRDA:59,5,0,0
BRDA:59,5,1,0
BRDA:73,6,0,0
BRDA:73,6,1,0
BRF:14
BRH:0
end_of_record
TN:
SF:src\modules\auth\auth.controller.js
FN:4,getAllUsers
FN:11,getUserById
FN:18,getUserByEmail
FN:31,deleteUsers
FN:47,updateUser
FN:82,getLogs
FN:99,getAllLogs
FNF:7
FNH:0
FNDA:0,getAllUsers
FNDA:0,getUserById
FNDA:0,getUserByEmail
FNDA:0,deleteUsers
FNDA:0,updateUser
FNDA:0,getLogs
FNDA:0,getAllLogs
DA:5,0
DA:7,0
DA:8,0
DA:12,0
DA:13,0
DA:14,0
DA:15,0
DA:19,0
DA:20,0
DA:21,0
DA:22,0
DA:23,0
DA:25,0
DA:28,0
DA:32,0
DA:33,0
DA:34,0
DA:35,0
DA:36,0
DA:39,0
DA:40,0
DA:49,0
DA:50,0
DA:51,0
DA:52,0
DA:53,0
DA:54,0
DA:55,0
DA:56,0
DA:58,0
DA:59,0
DA:61,0
DA:62,0
DA:64,0
DA:65,0
DA:67,0
DA:68,0
DA:69,0
DA:70,0
DA:72,0
DA:74,0
DA:77,0
DA:83,0
DA:84,0
DA:86,0
DA:87,0
DA:88,0
DA:89,0
DA:91,0
DA:92,0
DA:95,0
DA:100,0
DA:101,0
DA:102,0
DA:103,0
DA:104,0
DA:106,0
DA:107,0
DA:110,0
LF:59
LH:0
BRDA:21,0,0,0
BRDA:21,0,1,0
BRDA:34,1,0,0
BRDA:34,1,1,0
BRDA:58,2,0,0
BRDA:58,2,1,0
BRDA:61,3,0,0
BRDA:61,3,1,0
BRDA:61,4,0,0
BRDA:61,4,1,0
BRDA:64,5,0,0
BRDA:64,5,1,0
BRDA:67,6,0,0
BRDA:67,6,1,0
BRDA:69,7,0,0
BRDA:69,7,1,0
BRDA:70,8,0,0
BRDA:70,8,1,0
BRDA:87,9,0,0
BRDA:87,9,1,0
BRDA:102,10,0,0
BRDA:102,10,1,0
BRF:22
BRH:0
end_of_record
TN:
SF:src\modules\auth\auth.repository.js
FN:9,getUser
FN:16,getUserById
FN:24,getAllUsers
FN:31,deleteUsers
FN:44,updateUser
FN:55,(anonymous_5)
FN:79,getLogs
FN:94,getAllLogs
FNF:8
FNH:0
FNDA:0,getUser
FNDA:0,getUserById
FNDA:0,getAllUsers
FNDA:0,deleteUsers
FNDA:0,updateUser
FNDA:0,(anonymous_5)
FNDA:0,getLogs
FNDA:0,getAllLogs
DA:7,1
DA:10,0
DA:11,0
DA:13,0
DA:17,0
DA:18,0
DA:19,0
DA:20,0
DA:21,0
DA:26,0
DA:27,0
DA:28,0
DA:32,0
DA:33,0
DA:34,0
DA:35,0
DA:36,0
DA:37,0
DA:39,0
DA:40,0
DA:45,0
DA:46,0
DA:47,0
DA:48,0
DA:49,0
DA:50,0
DA:51,0
DA:54,0
DA:55,0
DA:56,0
DA:57,0
DA:60,0
DA:68,0
DA:74,0
DA:76,0
DA:80,0
DA:81,0
DA:87,0
DA:88,0
DA:89,0
DA:91,0
DA:95,0
DA:96,0
DA:97,0
DA:98,0
DA:99,0
DA:101,0
LF:47
LH:1
BRDA:19,0,0,0
BRDA:19,0,1,0
BRDA:35,1,0,0
BRDA:35,1,1,0
BRDA:47,2,0,0
BRDA:47,2,1,0
BRDA:48,3,0,0
BRDA:48,3,1,0
BRDA:49,4,0,0
BRDA:49,4,1,0
BRDA:50,5,0,0
BRDA:50,5,1,0
BRDA:51,6,0,0
BRDA:51,6,1,0
BRDA:56,7,0,0
BRDA:56,7,1,0
BRDA:87,8,0,0
BRDA:87,8,1,0
BRDA:97,9,0,0
BRDA:97,9,1,0
BRF:20
BRH:0
end_of_record
TN:
SF:src\modules\auth\auth.routes.js
FNF:0
FNH:0
DA:6,1
DA:10,1
DA:11,1
DA:20,1
DA:22,1
DA:23,1
DA:24,1
DA:25,1
DA:26,1
DA:27,1
LF:10
LH:10
BRF:0
BRH:0
end_of_record
TN:
SF:src\modules\auth\auth.services.js
FN:3,getAllUsers
FN:9,getUserByEmail
FN:22,getUserById
FN:27,deleteUsers
FN:31,updateUser
FN:36,getLogs
FN:40,getAllLogs
FNF:7
FNH:0
FNDA:0,getAllUsers
FNDA:0,getUserByEmail
FNDA:0,getUserById
FNDA:0,deleteUsers
FNDA:0,updateUser
FNDA:0,getLogs
FNDA:0,getAllLogs
DA:5,0
DA:6,0
DA:11,0
DA:12,0
DA:14,0
DA:18,0
DA:24,0
DA:28,0
DA:33,0
DA:37,0
DA:41,0
LF:11
LH:0
BRDA:12,0,0,0
BRDA:12,0,1,0
BRF:2
BRH:0
end_of_record
TN:
SF:src\modules\books\book.repository.js
FN:12,readBooks
FN:19,getBookByKeyword
FN:31,createBook
FN:38,getBookById
FN:44,getBookFileById
FN:46,(anonymous_5)
FN:51,(anonymous_6)
FN:58,checkFileExists
FN:68,deleteBooks
FN:83,updateBook
FN:94,incrementLikes
FN:105,incrementDownloads
FN:116,createComment
FN:131,getComments
FNF:14
FNH:5
FNDA:0,readBooks
FNDA:0,getBookByKeyword
FNDA:0,createBook
FNDA:1,getBookById
FNDA:1,getBookFileById
FNDA:1,(anonymous_5)
FNDA:0,(anonymous_6)
FNDA:1,checkFileExists
FNDA:0,deleteBooks
FNDA:0,updateBook
FNDA:0,incrementLikes
FNDA:1,incrementDownloads
FNDA:0,createComment
FNDA:0,getComments
DA:13,0
DA:14,0
DA:15,0
DA:20,0
DA:21,0
DA:26,0
DA:28,0
DA:32,0
DA:33,0
DA:34,0
DA:35,0
DA:39,1
DA:40,1
DA:41,1
DA:46,1
DA:48,1
DA:50,1
DA:52,0
DA:53,0
DA:54,0
DA:59,1
DA:60,1
DA:62,0
DA:63,0
DA:69,0
DA:71,0
DA:72,0
DA:73,0
DA:74,0
DA:75,0
DA:76,0
DA:78,0
DA:79,0
DA:84,0
DA:86,0
DA:91,0
DA:95,0
DA:97,0
DA:102,0
DA:106,1
DA:108,1
DA:113,1
DA:117,0
DA:118,0
DA:125,0
DA:126,0
DA:127,0
DA:128,0
DA:132,0
DA:133,0
DA:134,0
DA:135,0
LF:52
LH:11
BRDA:48,0,0,0
BRDA:48,0,1,1
BRDA:74,1,0,0
BRDA:74,1,1,0
BRF:4
BRH:1
end_of_record
TN:
SF:src\modules\books\books.controller.js
FN:5,getAllBooks
FN:11,getBookByKeyword
FN:22,updateBook
FN:30,createPost
FN:67,deleteBooks
FN:82,downloadBook
FN:94,(anonymous_6)
FN:101,(anonymous_7)
FN:112,createComment
FN:143,getComments
FNF:10
FNH:2
FNDA:0,getAllBooks
FNDA:0,getBookByKeyword
FNDA:0,updateBook
FNDA:0,createPost
FNDA:0,deleteBooks
FNDA:1,downloadBook
FNDA:1,(anonymous_6)
FNDA:0,(anonymous_7)
FNDA:0,createComment
FNDA:0,getComments
DA:6,0
DA:7,0
DA:8,0
DA:9,0
DA:12,0
DA:13,0
DA:14,0
DA:15,0
DA:18,0
DA:23,0
DA:24,0
DA:26,0
DA:27,0
DA:31,0
DA:32,0
DA:33,0
DA:35,0
DA:38,0
DA:39,0
DA:40,0
DA:42,0
DA:43,0
DA:44,0
DA:48,0
DA:49,0
DA:51,0
DA:52,0
DA:54,0
DA:55,0
DA:56,0
DA:57,0
DA:58,0
DA:59,0
DA:60,0
DA:61,0
DA:62,0
DA:68,0
DA:69,0
DA:70,0
DA:71,0
DA:72,0
DA:73,0
DA:75,0
DA:76,0
DA:83,1
DA:84,1
DA:85,1
DA:87,1
DA:88,1
DA:89,1
DA:91,1
DA:92,1
DA:94,1
DA:95,1
DA:96,0
DA:100,1
DA:101,1
DA:106,0
DA:107,0
DA:113,0
DA:114,0
DA:116,0
DA:117,0
DA:119,0
DA:120,0
DA:122,0
DA:123,0
DA:124,0
DA:126,0
DA:127,0
DA:128,0
DA:129,0
DA:134,0
DA:136,0
DA:139,0
DA:145,0
DA:146,0
DA:147,0
DA:148,0
DA:152,0
LF:80
LH:12
BRDA:38,0,0,0
BRDA:38,0,1,0
BRDA:44,1,0,0
BRDA:44,1,1,0
BRDA:51,2,0,0
BRDA:51,2,1,0
BRDA:54,3,0,0
BRDA:54,3,1,0
BRDA:56,4,0,0
BRDA:56,4,1,0
BRDA:58,5,0,0
BRDA:58,5,1,0
BRDA:60,6,0,0
BRDA:60,6,1,0
BRDA:71,7,0,0
BRDA:71,7,1,0
BRDA:89,8,0,0
BRDA:89,8,1,1
BRDA:92,9,0,0
BRDA:92,9,1,1
BRDA:95,10,0,0
BRDA:95,10,1,1
BRDA:100,11,0,0
BRDA:100,11,1,1
BRDA:100,12,0,0
BRDA:100,12,1,0
BRDA:101,13,0,0
BRDA:101,13,1,1
BRDA:116,14,0,0
BRDA:116,14,1,0
BRDA:123,15,0,0
BRDA:123,15,1,0
BRF:32
BRH:5
end_of_record
TN:
SF:src\modules\books\books.routes.js
FNF:0
FNH:0
DA:5,1
DA:23,1
DA:24,1
DA:25,1
DA:26,1
DA:27,1
DA:28,1
DA:29,1
DA:30,1
LF:9
LH:9
BRF:0
BRH:0
end_of_record
TN:
SF:src\modules\books\books.service.js
FN:8,getAllBooks
FN:10,(anonymous_1)
FN:18,getBookByKeyword
FN:22,deleteBooks
FN:28,updateBook
FN:32,addBook
FN:53,getBookFileById
FN:62,(anonymous_7)
FN:66,incrementDownloads
FN:70,createComment
FN:77,getComments
FNF:11
FNH:8
FNDA:1,getAllBooks
FNDA:2,(anonymous_1)
FNDA:1,getBookByKeyword
FNDA:1,deleteBooks
FNDA:1,updateBook
FNDA:2,addBook
FNDA:1,getBookFileById
FNDA:0,(anonymous_7)
FNDA:1,incrementDownloads
FNDA:0,createComment
FNDA:0,getComments
DA:9,1
DA:10,1
DA:11,2
DA:12,1
DA:15,1
DA:19,1
DA:20,1
DA:23,1
DA:24,1
DA:29,1
DA:33,2
DA:35,2
DA:37,2
DA:50,2
DA:55,1
DA:56,1
DA:57,1
DA:60,1
DA:62,1
DA:63,1
DA:67,1
DA:71,0
DA:72,0
DA:74,0
DA:79,0
DA:80,0
DA:82,0
LF:27
LH:21
BRDA:11,0,0,1
BRDA:11,0,1,1
BRDA:11,1,0,2
BRDA:11,1,1,1
BRDA:33,2,0,1
BRDA:33,2,1,1
BRDA:42,3,0,2
BRDA:42,3,1,1
BRDA:43,4,0,1
BRDA:43,4,1,1
BRDA:57,5,0,0
BRDA:57,5,1,1
BRDA:60,6,0,0
BRDA:60,6,1,1
BRDA:71,7,0,0
BRDA:71,7,1,0
BRDA:71,8,0,0
BRDA:71,8,1,0
BRDA:71,8,2,0
BRDA:79,9,0,0
BRDA:79,9,1,0
BRF:21
BRH:12
end_of_record
TN:
SF:src\modules\books\domain\types\Books.js
FNF:0
FNH:0
DA:3,2
DA:19,2
LF:2
LH:2
BRF:0
BRH:0
end_of_record
TN:
SF:src\modules\registration\registration.controller.js
FN:7,createAccount
FNF:1
FNH:0
FNDA:0,createAccount
DA:9,0
DA:10,0
DA:11,0
DA:12,0
DA:13,0
DA:14,0
DA:15,0
DA:17,0
DA:18,0
DA:20,0
DA:21,0
DA:23,0
DA:24,0
DA:26,0
DA:28,0
DA:29,0
DA:31,0
DA:32,0
DA:37,0
DA:38,0
DA:41,0
LF:21
LH:0
BRDA:17,0,0,0
BRDA:17,0,1,0
BRDA:20,1,0,0
BRDA:20,1,1,0
BRDA:23,2,0,0
BRDA:23,2,1,0
BRDA:28,3,0,0
BRDA:28,3,1,0
BRDA:31,4,0,0
BRDA:31,4,1,0
BRF:10
BRH:0
end_of_record
TN:
SF:src\modules\registration\registration.repository.js
FN:3,createAccount
FN:25,updateAccount
FN:29,deleteAccount
FNF:3
FNH:0
FNDA:0,createAccount
FNDA:0,updateAccount
FNDA:0,deleteAccount
DA:4,0
DA:6,0
DA:8,0
DA:9,0
DA:12,0
DA:21,0
LF:6
LH:0
BRDA:8,0,0,0
BRDA:8,0,1,0
BRF:2
BRH:0
end_of_record
TN:
SF:src\modules\registration\registration.routes.js
FNF:0
FNH:0
DA:9,1
DA:10,1
DA:11,1
DA:15,1
LF:4
LH:4
BRF:0
BRH:0
end_of_record
TN:
SF:src\modules\registration\registration.service.js
FN:4,createAccount
FNF:1
FNH:0
FNDA:0,createAccount
DA:6,0
LF:1
LH:0
BRF:0
BRH:0
end_of_record
